2017-12-10 16:34:30 Notice: Notice (8): Undefined index: Accesslogs in [H:\xampp\htdocs\dissetation\vendor\cakephp\bake\src\View\Helper\DocBlockHelper.php, line 233]
Trace:
Cake\Error\BaseErrorHandler::handleError() - CORE\src\Error\BaseErrorHandler.php, line 153
Bake\View\Helper\DocBlockHelper::buildTableAnnotations() - ROOT\vendor\cakephp\bake\src\View\Helper\DocBlockHelper.php, line 233
Twig_Template::getAttribute() - ROOT\vendor\twig\twig\lib\Twig\Template.php, line 677
__TwigTemplate_36343e73e5084e0d1fc363ffcc2f954a30d28c0dac94c04d875d9473cfa7cab8::doDisplay() - ROOT\tmp\cache\twigView\09\0946bac416f474cf9add09940ce4bfaeb0f008b03bf858f774f2f93e146e49a5.php, line 22
Twig_Template::displayWithErrorHandling() - ROOT\vendor\twig\twig\lib\Twig\Template.php, line 432
Twig_Template::display() - ROOT\vendor\twig\twig\lib\Twig\Template.php, line 403
Twig_Template::render() - ROOT\vendor\twig\twig\lib\Twig\Template.php, line 411
WyriHaximus\TwigView\View\TwigView::_render() - ROOT\vendor\wyrihaximus\twig-view\src\View\TwigView.php, line 178
Bake\View\BakeView::render() - ROOT\vendor\cakephp\bake\src\View\BakeView.php, line 139
Bake\Shell\Task\BakeTemplateTask::generate() - ROOT\vendor\cakephp\bake\src\Shell\Task\BakeTemplateTask.php, line 89
Bake\Shell\Task\ModelTask::bakeTable() - ROOT\vendor\cakephp\bake\src\Shell\Task\ModelTask.php, line 956
Bake\Shell\Task\ModelTask::bake() - ROOT\vendor\cakephp\bake\src\Shell\Task\ModelTask.php, line 114
Bake\Shell\Task\ModelTask::main() - ROOT\vendor\cakephp\bake\src\Shell\Task\ModelTask.php, line 100
Bake\Shell\BakeShell::Bake\Shell\{closure}() - ROOT\vendor\cakephp\bake\src\Shell\BakeShell.php, line 262
Cake\Collection\Collection::each() - CORE\src\Collection\CollectionTrait.php, line 51
Bake\Shell\BakeShell::all() - ROOT\vendor\cakephp\bake\src\Shell\BakeShell.php, line 263
Cake\Console\Shell::runCommand() - CORE\src\Console\Shell.php, line 493
Cake\Console\CommandRunner::run() - CORE\src\Console\CommandRunner.php, line 141
[main] - ROOT\bin\cake.php, line 12



2017-12-18 19:52:53 Notice: Notice (8): Undefined index: Accesslogs in [H:\xampp\htdocs\dissetation\vendor\cakephp\bake\src\View\Helper\DocBlockHelper.php, line 233]
Trace:
Cake\Error\BaseErrorHandler::handleError() - CORE\src\Error\BaseErrorHandler.php, line 153
Bake\View\Helper\DocBlockHelper::buildTableAnnotations() - ROOT\vendor\cakephp\bake\src\View\Helper\DocBlockHelper.php, line 233
Twig_Template::getAttribute() - ROOT\vendor\twig\twig\lib\Twig\Template.php, line 677
__TwigTemplate_36343e73e5084e0d1fc363ffcc2f954a30d28c0dac94c04d875d9473cfa7cab8::doDisplay() - ROOT\tmp\cache\twigView\09\0946bac416f474cf9add09940ce4bfaeb0f008b03bf858f774f2f93e146e49a5.php, line 22
Twig_Template::displayWithErrorHandling() - ROOT\vendor\twig\twig\lib\Twig\Template.php, line 432
Twig_Template::display() - ROOT\vendor\twig\twig\lib\Twig\Template.php, line 403
Twig_Template::render() - ROOT\vendor\twig\twig\lib\Twig\Template.php, line 411
WyriHaximus\TwigView\View\TwigView::_render() - ROOT\vendor\wyrihaximus\twig-view\src\View\TwigView.php, line 178
Bake\View\BakeView::render() - ROOT\vendor\cakephp\bake\src\View\BakeView.php, line 139
Bake\Shell\Task\BakeTemplateTask::generate() - ROOT\vendor\cakephp\bake\src\Shell\Task\BakeTemplateTask.php, line 89
Bake\Shell\Task\ModelTask::bakeTable() - ROOT\vendor\cakephp\bake\src\Shell\Task\ModelTask.php, line 956
Bake\Shell\Task\ModelTask::bake() - ROOT\vendor\cakephp\bake\src\Shell\Task\ModelTask.php, line 114
Bake\Shell\Task\ModelTask::main() - ROOT\vendor\cakephp\bake\src\Shell\Task\ModelTask.php, line 100
Cake\Console\Shell::runCommand() - CORE\src\Console\Shell.php, line 507
Cake\Console\Shell::runCommand() - CORE\src\Console\Shell.php, line 500
Cake\Console\CommandRunner::run() - CORE\src\Console\CommandRunner.php, line 141
[main] - ROOT\bin\cake.php, line 12



2018-01-26 21:14:38 Notice: Notice (8): Undefined index: Cards in [H:\xampp\htdocs\dissetation\vendor\cakephp\bake\src\View\Helper\DocBlockHelper.php, line 233]
Trace:
Cake\Error\BaseErrorHandler::handleError() - CORE\src\Error\BaseErrorHandler.php, line 153
Bake\View\Helper\DocBlockHelper::buildTableAnnotations() - ROOT\vendor\cakephp\bake\src\View\Helper\DocBlockHelper.php, line 233
Twig_Template::getAttribute() - ROOT\vendor\twig\twig\lib\Twig\Template.php, line 677
__TwigTemplate_36343e73e5084e0d1fc363ffcc2f954a30d28c0dac94c04d875d9473cfa7cab8::doDisplay() - ROOT\tmp\cache\twigView\09\0946bac416f474cf9add09940ce4bfaeb0f008b03bf858f774f2f93e146e49a5.php, line 22
Twig_Template::displayWithErrorHandling() - ROOT\vendor\twig\twig\lib\Twig\Template.php, line 432
Twig_Template::display() - ROOT\vendor\twig\twig\lib\Twig\Template.php, line 403
Twig_Template::render() - ROOT\vendor\twig\twig\lib\Twig\Template.php, line 411
WyriHaximus\TwigView\View\TwigView::_render() - ROOT\vendor\wyrihaximus\twig-view\src\View\TwigView.php, line 178
Bake\View\BakeView::render() - ROOT\vendor\cakephp\bake\src\View\BakeView.php, line 139
Bake\Shell\Task\BakeTemplateTask::generate() - ROOT\vendor\cakephp\bake\src\Shell\Task\BakeTemplateTask.php, line 89
Bake\Shell\Task\ModelTask::bakeTable() - ROOT\vendor\cakephp\bake\src\Shell\Task\ModelTask.php, line 956
Bake\Shell\Task\ModelTask::bake() - ROOT\vendor\cakephp\bake\src\Shell\Task\ModelTask.php, line 114
Bake\Shell\Task\ModelTask::main() - ROOT\vendor\cakephp\bake\src\Shell\Task\ModelTask.php, line 100
Cake\Console\Shell::runCommand() - CORE\src\Console\Shell.php, line 507
Cake\Console\Shell::runCommand() - CORE\src\Console\Shell.php, line 500
Cake\Console\CommandRunner::run() - CORE\src\Console\CommandRunner.php, line 141
[main] - ROOT\bin\cake.php, line 12



2018-04-15 23:47:46 Notice: Notice (8): Undefined offset: 1 in [H:\xampp\htdocs\dissetation\src\Controller\APIController.php, line 36]
Request URL: /API/verify/123213/12321312
Trace:
Cake\Error\BaseErrorHandler::handleError() - CORE\src\Error\BaseErrorHandler.php, line 153
App\Controller\APIController::verify() - APP/Controller\APIController.php, line 36
Cake\Controller\Controller::invokeAction() - CORE\src\Controller\Controller.php, line 440
Cake\Http\ActionDispatcher::_invoke() - CORE\src\Http\ActionDispatcher.php, line 119
Cake\Http\ActionDispatcher::dispatch() - CORE\src\Http\ActionDispatcher.php, line 93
Cake\Http\BaseApplication::__invoke() - CORE\src\Http\BaseApplication.php, line 108
Cake\Http\Runner::__invoke() - CORE\src\Http\Runner.php, line 65
Cake\Routing\Middleware\RoutingMiddleware::__invoke() - CORE\src\Routing\Middleware\RoutingMiddleware.php, line 104
Cake\Http\Runner::__invoke() - CORE\src\Http\Runner.php, line 65
Cake\Routing\Middleware\AssetMiddleware::__invoke() - CORE\src\Routing\Middleware\AssetMiddleware.php, line 88
Cake\Http\Runner::__invoke() - CORE\src\Http\Runner.php, line 65
Cake\Error\Middleware\ErrorHandlerMiddleware::__invoke() - CORE\src\Error\Middleware\ErrorHandlerMiddleware.php, line 95
Cake\Http\Runner::__invoke() - CORE\src\Http\Runner.php, line 65
Cake\Http\Runner::run() - CORE\src\Http\Runner.php, line 51
Cake\Http\Server::run() - CORE\src\Http\Server.php, line 81
Cake\TestSuite\MiddlewareDispatcher::execute() - CORE\src\TestSuite\MiddlewareDispatcher.php, line 97
Cake\TestSuite\IntegrationTestCase::_sendRequest() - CORE\src\TestSuite\IntegrationTestCase.php, line 484
Cake\TestSuite\IntegrationTestCase::get() - CORE\src\TestSuite\IntegrationTestCase.php, line 372
App\Test\TestCase\Controller\APIControllerTest::testVerifyIncorrectDataShouldFail() - ROOT\tests\TestCase\Controller\APIControllerTest.php, line 27
ReflectionMethod::invokeArgs() - [internal], line ??
PHPUnit\Framework\TestCase::runTest() - ROOT\vendor\phpunit\phpunit\src\Framework\TestCase.php, line 1072
PHPUnit\Framework\TestCase::runBare() - ROOT\vendor\phpunit\phpunit\src\Framework\TestCase.php, line 940
PHPUnit\Framework\TestResult::run() - ROOT\vendor\phpunit\phpunit\src\Framework\TestResult.php, line 698
PHPUnit\Framework\TestCase::run() - ROOT\vendor\phpunit\phpunit\src\Framework\TestCase.php, line 895
PHPUnit\Framework\TestSuite::run() - ROOT\vendor\phpunit\phpunit\src\Framework\TestSuite.php, line 755
PHPUnit\Framework\TestSuite::run() - ROOT\vendor\phpunit\phpunit\src\Framework\TestSuite.php, line 755
PHPUnit\TextUI\TestRunner::doRun() - ROOT\vendor\phpunit\phpunit\src\TextUI\TestRunner.php, line 546
PHPUnit\TextUI\Command::run() - C:\Users\Reec\AppData\Roaming\Composer\vendor\phpunit\phpunit\src\TextUI\Command.php, line 195
PHPUnit\TextUI\Command::main() - C:\Users\Reec\AppData\Roaming\Composer\vendor\phpunit\phpunit\src\TextUI\Command.php, line 148
[main] - C:\Users\Reec\AppData\Roaming\Composer\vendor\phpunit\phpunit\phpunit, line 53



2018-04-15 23:47:46 Notice: Notice (8): Undefined offset: 2 in [H:\xampp\htdocs\dissetation\src\Controller\APIController.php, line 37]
Request URL: /API/verify/123213/12321312
Trace:
Cake\Error\BaseErrorHandler::handleError() - CORE\src\Error\BaseErrorHandler.php, line 153
App\Controller\APIController::verify() - APP/Controller\APIController.php, line 37
Cake\Controller\Controller::invokeAction() - CORE\src\Controller\Controller.php, line 440
Cake\Http\ActionDispatcher::_invoke() - CORE\src\Http\ActionDispatcher.php, line 119
Cake\Http\ActionDispatcher::dispatch() - CORE\src\Http\ActionDispatcher.php, line 93
Cake\Http\BaseApplication::__invoke() - CORE\src\Http\BaseApplication.php, line 108
Cake\Http\Runner::__invoke() - CORE\src\Http\Runner.php, line 65
Cake\Routing\Middleware\RoutingMiddleware::__invoke() - CORE\src\Routing\Middleware\RoutingMiddleware.php, line 104
Cake\Http\Runner::__invoke() - CORE\src\Http\Runner.php, line 65
Cake\Routing\Middleware\AssetMiddleware::__invoke() - CORE\src\Routing\Middleware\AssetMiddleware.php, line 88
Cake\Http\Runner::__invoke() - CORE\src\Http\Runner.php, line 65
Cake\Error\Middleware\ErrorHandlerMiddleware::__invoke() - CORE\src\Error\Middleware\ErrorHandlerMiddleware.php, line 95
Cake\Http\Runner::__invoke() - CORE\src\Http\Runner.php, line 65
Cake\Http\Runner::run() - CORE\src\Http\Runner.php, line 51
Cake\Http\Server::run() - CORE\src\Http\Server.php, line 81
Cake\TestSuite\MiddlewareDispatcher::execute() - CORE\src\TestSuite\MiddlewareDispatcher.php, line 97
Cake\TestSuite\IntegrationTestCase::_sendRequest() - CORE\src\TestSuite\IntegrationTestCase.php, line 484
Cake\TestSuite\IntegrationTestCase::get() - CORE\src\TestSuite\IntegrationTestCase.php, line 372
App\Test\TestCase\Controller\APIControllerTest::testVerifyIncorrectDataShouldFail() - ROOT\tests\TestCase\Controller\APIControllerTest.php, line 27
ReflectionMethod::invokeArgs() - [internal], line ??
PHPUnit\Framework\TestCase::runTest() - ROOT\vendor\phpunit\phpunit\src\Framework\TestCase.php, line 1072
PHPUnit\Framework\TestCase::runBare() - ROOT\vendor\phpunit\phpunit\src\Framework\TestCase.php, line 940
PHPUnit\Framework\TestResult::run() - ROOT\vendor\phpunit\phpunit\src\Framework\TestResult.php, line 698
PHPUnit\Framework\TestCase::run() - ROOT\vendor\phpunit\phpunit\src\Framework\TestCase.php, line 895
PHPUnit\Framework\TestSuite::run() - ROOT\vendor\phpunit\phpunit\src\Framework\TestSuite.php, line 755
PHPUnit\Framework\TestSuite::run() - ROOT\vendor\phpunit\phpunit\src\Framework\TestSuite.php, line 755
PHPUnit\TextUI\TestRunner::doRun() - ROOT\vendor\phpunit\phpunit\src\TextUI\TestRunner.php, line 546
PHPUnit\TextUI\Command::run() - C:\Users\Reec\AppData\Roaming\Composer\vendor\phpunit\phpunit\src\TextUI\Command.php, line 195
PHPUnit\TextUI\Command::main() - C:\Users\Reec\AppData\Roaming\Composer\vendor\phpunit\phpunit\src\TextUI\Command.php, line 148
[main] - C:\Users\Reec\AppData\Roaming\Composer\vendor\phpunit\phpunit\phpunit, line 53



2018-04-15 23:48:31 Notice: Notice (8): Undefined offset: 1 in [H:\xampp\htdocs\dissetation\src\Controller\APIController.php, line 36]
Request URL: /API/verify/123213/12321312
Trace:
Cake\Error\BaseErrorHandler::handleError() - CORE\src\Error\BaseErrorHandler.php, line 153
App\Controller\APIController::verify() - APP/Controller\APIController.php, line 36
Cake\Controller\Controller::invokeAction() - CORE\src\Controller\Controller.php, line 440
Cake\Http\ActionDispatcher::_invoke() - CORE\src\Http\ActionDispatcher.php, line 119
Cake\Http\ActionDispatcher::dispatch() - CORE\src\Http\ActionDispatcher.php, line 93
Cake\Http\BaseApplication::__invoke() - CORE\src\Http\BaseApplication.php, line 108
Cake\Http\Runner::__invoke() - CORE\src\Http\Runner.php, line 65
Cake\Routing\Middleware\RoutingMiddleware::__invoke() - CORE\src\Routing\Middleware\RoutingMiddleware.php, line 104
Cake\Http\Runner::__invoke() - CORE\src\Http\Runner.php, line 65
Cake\Routing\Middleware\AssetMiddleware::__invoke() - CORE\src\Routing\Middleware\AssetMiddleware.php, line 88
Cake\Http\Runner::__invoke() - CORE\src\Http\Runner.php, line 65
Cake\Error\Middleware\ErrorHandlerMiddleware::__invoke() - CORE\src\Error\Middleware\ErrorHandlerMiddleware.php, line 95
Cake\Http\Runner::__invoke() - CORE\src\Http\Runner.php, line 65
Cake\Http\Runner::run() - CORE\src\Http\Runner.php, line 51
Cake\Http\Server::run() - CORE\src\Http\Server.php, line 81
Cake\TestSuite\MiddlewareDispatcher::execute() - CORE\src\TestSuite\MiddlewareDispatcher.php, line 97
Cake\TestSuite\IntegrationTestCase::_sendRequest() - CORE\src\TestSuite\IntegrationTestCase.php, line 484
Cake\TestSuite\IntegrationTestCase::get() - CORE\src\TestSuite\IntegrationTestCase.php, line 372
App\Test\TestCase\Controller\APIControllerTest::testVerifyIncorrectDataShouldFail() - ROOT\tests\TestCase\Controller\APIControllerTest.php, line 27
ReflectionMethod::invokeArgs() - [internal], line ??
PHPUnit\Framework\TestCase::runTest() - ROOT\vendor\phpunit\phpunit\src\Framework\TestCase.php, line 1072
PHPUnit\Framework\TestCase::runBare() - ROOT\vendor\phpunit\phpunit\src\Framework\TestCase.php, line 940
PHPUnit\Framework\TestResult::run() - ROOT\vendor\phpunit\phpunit\src\Framework\TestResult.php, line 698
PHPUnit\Framework\TestCase::run() - ROOT\vendor\phpunit\phpunit\src\Framework\TestCase.php, line 895
PHPUnit\Framework\TestSuite::run() - ROOT\vendor\phpunit\phpunit\src\Framework\TestSuite.php, line 755
PHPUnit\TextUI\TestRunner::doRun() - ROOT\vendor\phpunit\phpunit\src\TextUI\TestRunner.php, line 546
PHPUnit\TextUI\Command::run() - C:\Users\Reec\AppData\Roaming\Composer\vendor\phpunit\phpunit\src\TextUI\Command.php, line 195
PHPUnit\TextUI\Command::main() - C:\Users\Reec\AppData\Roaming\Composer\vendor\phpunit\phpunit\src\TextUI\Command.php, line 148
[main] - C:\Users\Reec\AppData\Roaming\Composer\vendor\phpunit\phpunit\phpunit, line 53



2018-04-15 23:48:31 Notice: Notice (8): Undefined offset: 2 in [H:\xampp\htdocs\dissetation\src\Controller\APIController.php, line 37]
Request URL: /API/verify/123213/12321312
Trace:
Cake\Error\BaseErrorHandler::handleError() - CORE\src\Error\BaseErrorHandler.php, line 153
App\Controller\APIController::verify() - APP/Controller\APIController.php, line 37
Cake\Controller\Controller::invokeAction() - CORE\src\Controller\Controller.php, line 440
Cake\Http\ActionDispatcher::_invoke() - CORE\src\Http\ActionDispatcher.php, line 119
Cake\Http\ActionDispatcher::dispatch() - CORE\src\Http\ActionDispatcher.php, line 93
Cake\Http\BaseApplication::__invoke() - CORE\src\Http\BaseApplication.php, line 108
Cake\Http\Runner::__invoke() - CORE\src\Http\Runner.php, line 65
Cake\Routing\Middleware\RoutingMiddleware::__invoke() - CORE\src\Routing\Middleware\RoutingMiddleware.php, line 104
Cake\Http\Runner::__invoke() - CORE\src\Http\Runner.php, line 65
Cake\Routing\Middleware\AssetMiddleware::__invoke() - CORE\src\Routing\Middleware\AssetMiddleware.php, line 88
Cake\Http\Runner::__invoke() - CORE\src\Http\Runner.php, line 65
Cake\Error\Middleware\ErrorHandlerMiddleware::__invoke() - CORE\src\Error\Middleware\ErrorHandlerMiddleware.php, line 95
Cake\Http\Runner::__invoke() - CORE\src\Http\Runner.php, line 65
Cake\Http\Runner::run() - CORE\src\Http\Runner.php, line 51
Cake\Http\Server::run() - CORE\src\Http\Server.php, line 81
Cake\TestSuite\MiddlewareDispatcher::execute() - CORE\src\TestSuite\MiddlewareDispatcher.php, line 97
Cake\TestSuite\IntegrationTestCase::_sendRequest() - CORE\src\TestSuite\IntegrationTestCase.php, line 484
Cake\TestSuite\IntegrationTestCase::get() - CORE\src\TestSuite\IntegrationTestCase.php, line 372
App\Test\TestCase\Controller\APIControllerTest::testVerifyIncorrectDataShouldFail() - ROOT\tests\TestCase\Controller\APIControllerTest.php, line 27
ReflectionMethod::invokeArgs() - [internal], line ??
PHPUnit\Framework\TestCase::runTest() - ROOT\vendor\phpunit\phpunit\src\Framework\TestCase.php, line 1072
PHPUnit\Framework\TestCase::runBare() - ROOT\vendor\phpunit\phpunit\src\Framework\TestCase.php, line 940
PHPUnit\Framework\TestResult::run() - ROOT\vendor\phpunit\phpunit\src\Framework\TestResult.php, line 698
PHPUnit\Framework\TestCase::run() - ROOT\vendor\phpunit\phpunit\src\Framework\TestCase.php, line 895
PHPUnit\Framework\TestSuite::run() - ROOT\vendor\phpunit\phpunit\src\Framework\TestSuite.php, line 755
PHPUnit\TextUI\TestRunner::doRun() - ROOT\vendor\phpunit\phpunit\src\TextUI\TestRunner.php, line 546
PHPUnit\TextUI\Command::run() - C:\Users\Reec\AppData\Roaming\Composer\vendor\phpunit\phpunit\src\TextUI\Command.php, line 195
PHPUnit\TextUI\Command::main() - C:\Users\Reec\AppData\Roaming\Composer\vendor\phpunit\phpunit\src\TextUI\Command.php, line 148
[main] - C:\Users\Reec\AppData\Roaming\Composer\vendor\phpunit\phpunit\phpunit, line 53



2018-04-15 23:59:38 Notice: Notice (8): Undefined offset: 1 in [H:\xampp\htdocs\dissetation\src\Controller\APIController.php, line 36]
Request URL: /API/verify/123213/12321312
Trace:
Cake\Error\BaseErrorHandler::handleError() - CORE\src\Error\BaseErrorHandler.php, line 153
App\Controller\APIController::verify() - APP/Controller\APIController.php, line 36
Cake\Controller\Controller::invokeAction() - CORE\src\Controller\Controller.php, line 440
Cake\Http\ActionDispatcher::_invoke() - CORE\src\Http\ActionDispatcher.php, line 119
Cake\Http\ActionDispatcher::dispatch() - CORE\src\Http\ActionDispatcher.php, line 93
Cake\Http\BaseApplication::__invoke() - CORE\src\Http\BaseApplication.php, line 108
Cake\Http\Runner::__invoke() - CORE\src\Http\Runner.php, line 65
Cake\Routing\Middleware\RoutingMiddleware::__invoke() - CORE\src\Routing\Middleware\RoutingMiddleware.php, line 104
Cake\Http\Runner::__invoke() - CORE\src\Http\Runner.php, line 65
Cake\Routing\Middleware\AssetMiddleware::__invoke() - CORE\src\Routing\Middleware\AssetMiddleware.php, line 88
Cake\Http\Runner::__invoke() - CORE\src\Http\Runner.php, line 65
Cake\Error\Middleware\ErrorHandlerMiddleware::__invoke() - CORE\src\Error\Middleware\ErrorHandlerMiddleware.php, line 95
Cake\Http\Runner::__invoke() - CORE\src\Http\Runner.php, line 65
Cake\Http\Runner::run() - CORE\src\Http\Runner.php, line 51
Cake\Http\Server::run() - CORE\src\Http\Server.php, line 81
Cake\TestSuite\MiddlewareDispatcher::execute() - CORE\src\TestSuite\MiddlewareDispatcher.php, line 97
Cake\TestSuite\IntegrationTestCase::_sendRequest() - CORE\src\TestSuite\IntegrationTestCase.php, line 484
Cake\TestSuite\IntegrationTestCase::get() - CORE\src\TestSuite\IntegrationTestCase.php, line 372
App\Test\TestCase\Controller\APIControllerTest::testVerifyIncorrectDataShouldFail() - ROOT\tests\TestCase\Controller\APIControllerTest.php, line 27
ReflectionMethod::invokeArgs() - [internal], line ??
PHPUnit\Framework\TestCase::runTest() - ROOT\vendor\phpunit\phpunit\src\Framework\TestCase.php, line 1072
PHPUnit\Framework\TestCase::runBare() - ROOT\vendor\phpunit\phpunit\src\Framework\TestCase.php, line 940
PHPUnit\Framework\TestResult::run() - ROOT\vendor\phpunit\phpunit\src\Framework\TestResult.php, line 698
PHPUnit\Framework\TestCase::run() - ROOT\vendor\phpunit\phpunit\src\Framework\TestCase.php, line 895
PHPUnit\Framework\TestSuite::run() - ROOT\vendor\phpunit\phpunit\src\Framework\TestSuite.php, line 755
PHPUnit\TextUI\TestRunner::doRun() - ROOT\vendor\phpunit\phpunit\src\TextUI\TestRunner.php, line 546
PHPUnit\TextUI\Command::run() - C:\Users\Reec\AppData\Roaming\Composer\vendor\phpunit\phpunit\src\TextUI\Command.php, line 195
PHPUnit\TextUI\Command::main() - C:\Users\Reec\AppData\Roaming\Composer\vendor\phpunit\phpunit\src\TextUI\Command.php, line 148
[main] - C:\Users\Reec\AppData\Roaming\Composer\vendor\phpunit\phpunit\phpunit, line 53



2018-04-15 23:59:38 Notice: Notice (8): Undefined offset: 2 in [H:\xampp\htdocs\dissetation\src\Controller\APIController.php, line 37]
Request URL: /API/verify/123213/12321312
Trace:
Cake\Error\BaseErrorHandler::handleError() - CORE\src\Error\BaseErrorHandler.php, line 153
App\Controller\APIController::verify() - APP/Controller\APIController.php, line 37
Cake\Controller\Controller::invokeAction() - CORE\src\Controller\Controller.php, line 440
Cake\Http\ActionDispatcher::_invoke() - CORE\src\Http\ActionDispatcher.php, line 119
Cake\Http\ActionDispatcher::dispatch() - CORE\src\Http\ActionDispatcher.php, line 93
Cake\Http\BaseApplication::__invoke() - CORE\src\Http\BaseApplication.php, line 108
Cake\Http\Runner::__invoke() - CORE\src\Http\Runner.php, line 65
Cake\Routing\Middleware\RoutingMiddleware::__invoke() - CORE\src\Routing\Middleware\RoutingMiddleware.php, line 104
Cake\Http\Runner::__invoke() - CORE\src\Http\Runner.php, line 65
Cake\Routing\Middleware\AssetMiddleware::__invoke() - CORE\src\Routing\Middleware\AssetMiddleware.php, line 88
Cake\Http\Runner::__invoke() - CORE\src\Http\Runner.php, line 65
Cake\Error\Middleware\ErrorHandlerMiddleware::__invoke() - CORE\src\Error\Middleware\ErrorHandlerMiddleware.php, line 95
Cake\Http\Runner::__invoke() - CORE\src\Http\Runner.php, line 65
Cake\Http\Runner::run() - CORE\src\Http\Runner.php, line 51
Cake\Http\Server::run() - CORE\src\Http\Server.php, line 81
Cake\TestSuite\MiddlewareDispatcher::execute() - CORE\src\TestSuite\MiddlewareDispatcher.php, line 97
Cake\TestSuite\IntegrationTestCase::_sendRequest() - CORE\src\TestSuite\IntegrationTestCase.php, line 484
Cake\TestSuite\IntegrationTestCase::get() - CORE\src\TestSuite\IntegrationTestCase.php, line 372
App\Test\TestCase\Controller\APIControllerTest::testVerifyIncorrectDataShouldFail() - ROOT\tests\TestCase\Controller\APIControllerTest.php, line 27
ReflectionMethod::invokeArgs() - [internal], line ??
PHPUnit\Framework\TestCase::runTest() - ROOT\vendor\phpunit\phpunit\src\Framework\TestCase.php, line 1072
PHPUnit\Framework\TestCase::runBare() - ROOT\vendor\phpunit\phpunit\src\Framework\TestCase.php, line 940
PHPUnit\Framework\TestResult::run() - ROOT\vendor\phpunit\phpunit\src\Framework\TestResult.php, line 698
PHPUnit\Framework\TestCase::run() - ROOT\vendor\phpunit\phpunit\src\Framework\TestCase.php, line 895
PHPUnit\Framework\TestSuite::run() - ROOT\vendor\phpunit\phpunit\src\Framework\TestSuite.php, line 755
PHPUnit\TextUI\TestRunner::doRun() - ROOT\vendor\phpunit\phpunit\src\TextUI\TestRunner.php, line 546
PHPUnit\TextUI\Command::run() - C:\Users\Reec\AppData\Roaming\Composer\vendor\phpunit\phpunit\src\TextUI\Command.php, line 195
PHPUnit\TextUI\Command::main() - C:\Users\Reec\AppData\Roaming\Composer\vendor\phpunit\phpunit\src\TextUI\Command.php, line 148
[main] - C:\Users\Reec\AppData\Roaming\Composer\vendor\phpunit\phpunit\phpunit, line 53



2018-04-16 00:04:08 Notice: Notice (8): Undefined offset: 2 in [H:\xampp\htdocs\dissetation\src\Controller\APIController.php, line 37]
Request URL: /verify/123213/12321312
Trace:
Cake\Error\BaseErrorHandler::handleError() - CORE\src\Error\BaseErrorHandler.php, line 153
App\Controller\APIController::verify() - APP/Controller\APIController.php, line 37
Cake\Controller\Controller::invokeAction() - CORE\src\Controller\Controller.php, line 440
Cake\Http\ActionDispatcher::_invoke() - CORE\src\Http\ActionDispatcher.php, line 119
Cake\Http\ActionDispatcher::dispatch() - CORE\src\Http\ActionDispatcher.php, line 93
Cake\Http\BaseApplication::__invoke() - CORE\src\Http\BaseApplication.php, line 108
Cake\Http\Runner::__invoke() - CORE\src\Http\Runner.php, line 65
Cake\Routing\Middleware\RoutingMiddleware::__invoke() - CORE\src\Routing\Middleware\RoutingMiddleware.php, line 104
Cake\Http\Runner::__invoke() - CORE\src\Http\Runner.php, line 65
Cake\Routing\Middleware\AssetMiddleware::__invoke() - CORE\src\Routing\Middleware\AssetMiddleware.php, line 88
Cake\Http\Runner::__invoke() - CORE\src\Http\Runner.php, line 65
Cake\Error\Middleware\ErrorHandlerMiddleware::__invoke() - CORE\src\Error\Middleware\ErrorHandlerMiddleware.php, line 95
Cake\Http\Runner::__invoke() - CORE\src\Http\Runner.php, line 65
Cake\Http\Runner::run() - CORE\src\Http\Runner.php, line 51
Cake\Http\Server::run() - CORE\src\Http\Server.php, line 81
Cake\TestSuite\MiddlewareDispatcher::execute() - CORE\src\TestSuite\MiddlewareDispatcher.php, line 97
Cake\TestSuite\IntegrationTestCase::_sendRequest() - CORE\src\TestSuite\IntegrationTestCase.php, line 484
Cake\TestSuite\IntegrationTestCase::get() - CORE\src\TestSuite\IntegrationTestCase.php, line 372
App\Test\TestCase\Controller\APIControllerTest::testVerifyIncorrectDataShouldFail() - ROOT\tests\TestCase\Controller\APIControllerTest.php, line 27
ReflectionMethod::invokeArgs() - [internal], line ??
PHPUnit\Framework\TestCase::runTest() - ROOT\vendor\phpunit\phpunit\src\Framework\TestCase.php, line 1072
PHPUnit\Framework\TestCase::runBare() - ROOT\vendor\phpunit\phpunit\src\Framework\TestCase.php, line 940
PHPUnit\Framework\TestResult::run() - ROOT\vendor\phpunit\phpunit\src\Framework\TestResult.php, line 698
PHPUnit\Framework\TestCase::run() - ROOT\vendor\phpunit\phpunit\src\Framework\TestCase.php, line 895
PHPUnit\Framework\TestSuite::run() - ROOT\vendor\phpunit\phpunit\src\Framework\TestSuite.php, line 755
PHPUnit\TextUI\TestRunner::doRun() - ROOT\vendor\phpunit\phpunit\src\TextUI\TestRunner.php, line 546
PHPUnit\TextUI\Command::run() - C:\Users\Reec\AppData\Roaming\Composer\vendor\phpunit\phpunit\src\TextUI\Command.php, line 195
PHPUnit\TextUI\Command::main() - C:\Users\Reec\AppData\Roaming\Composer\vendor\phpunit\phpunit\src\TextUI\Command.php, line 148
[main] - C:\Users\Reec\AppData\Roaming\Composer\vendor\phpunit\phpunit\phpunit, line 53



2018-04-16 00:06:27 Notice: Notice (8): Undefined offset: 1 in [H:\xampp\htdocs\dissetation\src\Controller\APIController.php, line 36]
Request URL: /API/verify/station/123213/12321312
Trace:
Cake\Error\BaseErrorHandler::handleError() - CORE\src\Error\BaseErrorHandler.php, line 153
App\Controller\APIController::verify() - APP/Controller\APIController.php, line 36
Cake\Controller\Controller::invokeAction() - CORE\src\Controller\Controller.php, line 440
Cake\Http\ActionDispatcher::_invoke() - CORE\src\Http\ActionDispatcher.php, line 119
Cake\Http\ActionDispatcher::dispatch() - CORE\src\Http\ActionDispatcher.php, line 93
Cake\Http\BaseApplication::__invoke() - CORE\src\Http\BaseApplication.php, line 108
Cake\Http\Runner::__invoke() - CORE\src\Http\Runner.php, line 65
Cake\Routing\Middleware\RoutingMiddleware::__invoke() - CORE\src\Routing\Middleware\RoutingMiddleware.php, line 104
Cake\Http\Runner::__invoke() - CORE\src\Http\Runner.php, line 65
Cake\Routing\Middleware\AssetMiddleware::__invoke() - CORE\src\Routing\Middleware\AssetMiddleware.php, line 88
Cake\Http\Runner::__invoke() - CORE\src\Http\Runner.php, line 65
Cake\Error\Middleware\ErrorHandlerMiddleware::__invoke() - CORE\src\Error\Middleware\ErrorHandlerMiddleware.php, line 95
Cake\Http\Runner::__invoke() - CORE\src\Http\Runner.php, line 65
Cake\Http\Runner::run() - CORE\src\Http\Runner.php, line 51
Cake\Http\Server::run() - CORE\src\Http\Server.php, line 81
Cake\TestSuite\MiddlewareDispatcher::execute() - CORE\src\TestSuite\MiddlewareDispatcher.php, line 97
Cake\TestSuite\IntegrationTestCase::_sendRequest() - CORE\src\TestSuite\IntegrationTestCase.php, line 484
Cake\TestSuite\IntegrationTestCase::get() - CORE\src\TestSuite\IntegrationTestCase.php, line 372
App\Test\TestCase\Controller\APIControllerTest::testVerifyIncorrectDataShouldFail() - ROOT\tests\TestCase\Controller\APIControllerTest.php, line 27
ReflectionMethod::invokeArgs() - [internal], line ??
PHPUnit\Framework\TestCase::runTest() - ROOT\vendor\phpunit\phpunit\src\Framework\TestCase.php, line 1072
PHPUnit\Framework\TestCase::runBare() - ROOT\vendor\phpunit\phpunit\src\Framework\TestCase.php, line 940
PHPUnit\Framework\TestResult::run() - ROOT\vendor\phpunit\phpunit\src\Framework\TestResult.php, line 698
PHPUnit\Framework\TestCase::run() - ROOT\vendor\phpunit\phpunit\src\Framework\TestCase.php, line 895
PHPUnit\Framework\TestSuite::run() - ROOT\vendor\phpunit\phpunit\src\Framework\TestSuite.php, line 755
PHPUnit\TextUI\TestRunner::doRun() - ROOT\vendor\phpunit\phpunit\src\TextUI\TestRunner.php, line 546
PHPUnit\TextUI\Command::run() - C:\Users\Reec\AppData\Roaming\Composer\vendor\phpunit\phpunit\src\TextUI\Command.php, line 195
PHPUnit\TextUI\Command::main() - C:\Users\Reec\AppData\Roaming\Composer\vendor\phpunit\phpunit\src\TextUI\Command.php, line 148
[main] - C:\Users\Reec\AppData\Roaming\Composer\vendor\phpunit\phpunit\phpunit, line 53



2018-04-16 00:06:27 Notice: Notice (8): Undefined offset: 2 in [H:\xampp\htdocs\dissetation\src\Controller\APIController.php, line 37]
Request URL: /API/verify/station/123213/12321312
Trace:
Cake\Error\BaseErrorHandler::handleError() - CORE\src\Error\BaseErrorHandler.php, line 153
App\Controller\APIController::verify() - APP/Controller\APIController.php, line 37
Cake\Controller\Controller::invokeAction() - CORE\src\Controller\Controller.php, line 440
Cake\Http\ActionDispatcher::_invoke() - CORE\src\Http\ActionDispatcher.php, line 119
Cake\Http\ActionDispatcher::dispatch() - CORE\src\Http\ActionDispatcher.php, line 93
Cake\Http\BaseApplication::__invoke() - CORE\src\Http\BaseApplication.php, line 108
Cake\Http\Runner::__invoke() - CORE\src\Http\Runner.php, line 65
Cake\Routing\Middleware\RoutingMiddleware::__invoke() - CORE\src\Routing\Middleware\RoutingMiddleware.php, line 104
Cake\Http\Runner::__invoke() - CORE\src\Http\Runner.php, line 65
Cake\Routing\Middleware\AssetMiddleware::__invoke() - CORE\src\Routing\Middleware\AssetMiddleware.php, line 88
Cake\Http\Runner::__invoke() - CORE\src\Http\Runner.php, line 65
Cake\Error\Middleware\ErrorHandlerMiddleware::__invoke() - CORE\src\Error\Middleware\ErrorHandlerMiddleware.php, line 95
Cake\Http\Runner::__invoke() - CORE\src\Http\Runner.php, line 65
Cake\Http\Runner::run() - CORE\src\Http\Runner.php, line 51
Cake\Http\Server::run() - CORE\src\Http\Server.php, line 81
Cake\TestSuite\MiddlewareDispatcher::execute() - CORE\src\TestSuite\MiddlewareDispatcher.php, line 97
Cake\TestSuite\IntegrationTestCase::_sendRequest() - CORE\src\TestSuite\IntegrationTestCase.php, line 484
Cake\TestSuite\IntegrationTestCase::get() - CORE\src\TestSuite\IntegrationTestCase.php, line 372
App\Test\TestCase\Controller\APIControllerTest::testVerifyIncorrectDataShouldFail() - ROOT\tests\TestCase\Controller\APIControllerTest.php, line 27
ReflectionMethod::invokeArgs() - [internal], line ??
PHPUnit\Framework\TestCase::runTest() - ROOT\vendor\phpunit\phpunit\src\Framework\TestCase.php, line 1072
PHPUnit\Framework\TestCase::runBare() - ROOT\vendor\phpunit\phpunit\src\Framework\TestCase.php, line 940
PHPUnit\Framework\TestResult::run() - ROOT\vendor\phpunit\phpunit\src\Framework\TestResult.php, line 698
PHPUnit\Framework\TestCase::run() - ROOT\vendor\phpunit\phpunit\src\Framework\TestCase.php, line 895
PHPUnit\Framework\TestSuite::run() - ROOT\vendor\phpunit\phpunit\src\Framework\TestSuite.php, line 755
PHPUnit\TextUI\TestRunner::doRun() - ROOT\vendor\phpunit\phpunit\src\TextUI\TestRunner.php, line 546
PHPUnit\TextUI\Command::run() - C:\Users\Reec\AppData\Roaming\Composer\vendor\phpunit\phpunit\src\TextUI\Command.php, line 195
PHPUnit\TextUI\Command::main() - C:\Users\Reec\AppData\Roaming\Composer\vendor\phpunit\phpunit\src\TextUI\Command.php, line 148
[main] - C:\Users\Reec\AppData\Roaming\Composer\vendor\phpunit\phpunit\phpunit, line 53



2018-04-16 00:09:28 Notice: Notice (8): Undefined offset: 1 in [H:\xampp\htdocs\dissetation\src\Controller\APIController.php, line 36]
Request URL: /api/verify/station/123213/12321312
Trace:
Cake\Error\BaseErrorHandler::handleError() - CORE\src\Error\BaseErrorHandler.php, line 153
App\Controller\APIController::verify() - APP/Controller\APIController.php, line 36
Cake\Controller\Controller::invokeAction() - CORE\src\Controller\Controller.php, line 440
Cake\Http\ActionDispatcher::_invoke() - CORE\src\Http\ActionDispatcher.php, line 119
Cake\Http\ActionDispatcher::dispatch() - CORE\src\Http\ActionDispatcher.php, line 93
Cake\Http\BaseApplication::__invoke() - CORE\src\Http\BaseApplication.php, line 108
Cake\Http\Runner::__invoke() - CORE\src\Http\Runner.php, line 65
Cake\Routing\Middleware\RoutingMiddleware::__invoke() - CORE\src\Routing\Middleware\RoutingMiddleware.php, line 104
Cake\Http\Runner::__invoke() - CORE\src\Http\Runner.php, line 65
Cake\Routing\Middleware\AssetMiddleware::__invoke() - CORE\src\Routing\Middleware\AssetMiddleware.php, line 88
Cake\Http\Runner::__invoke() - CORE\src\Http\Runner.php, line 65
Cake\Error\Middleware\ErrorHandlerMiddleware::__invoke() - CORE\src\Error\Middleware\ErrorHandlerMiddleware.php, line 95
Cake\Http\Runner::__invoke() - CORE\src\Http\Runner.php, line 65
Cake\Http\Runner::run() - CORE\src\Http\Runner.php, line 51
Cake\Http\Server::run() - CORE\src\Http\Server.php, line 81
Cake\TestSuite\MiddlewareDispatcher::execute() - CORE\src\TestSuite\MiddlewareDispatcher.php, line 97
Cake\TestSuite\IntegrationTestCase::_sendRequest() - CORE\src\TestSuite\IntegrationTestCase.php, line 484
Cake\TestSuite\IntegrationTestCase::get() - CORE\src\TestSuite\IntegrationTestCase.php, line 372
App\Test\TestCase\Controller\APIControllerTest::testVerifyIncorrectDataShouldFail() - ROOT\tests\TestCase\Controller\APIControllerTest.php, line 27
ReflectionMethod::invokeArgs() - [internal], line ??
PHPUnit\Framework\TestCase::runTest() - ROOT\vendor\phpunit\phpunit\src\Framework\TestCase.php, line 1072
PHPUnit\Framework\TestCase::runBare() - ROOT\vendor\phpunit\phpunit\src\Framework\TestCase.php, line 940
PHPUnit\Framework\TestResult::run() - ROOT\vendor\phpunit\phpunit\src\Framework\TestResult.php, line 698
PHPUnit\Framework\TestCase::run() - ROOT\vendor\phpunit\phpunit\src\Framework\TestCase.php, line 895
PHPUnit\Framework\TestSuite::run() - ROOT\vendor\phpunit\phpunit\src\Framework\TestSuite.php, line 755
PHPUnit\TextUI\TestRunner::doRun() - ROOT\vendor\phpunit\phpunit\src\TextUI\TestRunner.php, line 546
PHPUnit\TextUI\Command::run() - C:\Users\Reec\AppData\Roaming\Composer\vendor\phpunit\phpunit\src\TextUI\Command.php, line 195
PHPUnit\TextUI\Command::main() - C:\Users\Reec\AppData\Roaming\Composer\vendor\phpunit\phpunit\src\TextUI\Command.php, line 148
[main] - C:\Users\Reec\AppData\Roaming\Composer\vendor\phpunit\phpunit\phpunit, line 53



2018-04-16 00:09:28 Notice: Notice (8): Undefined offset: 2 in [H:\xampp\htdocs\dissetation\src\Controller\APIController.php, line 37]
Request URL: /api/verify/station/123213/12321312
Trace:
Cake\Error\BaseErrorHandler::handleError() - CORE\src\Error\BaseErrorHandler.php, line 153
App\Controller\APIController::verify() - APP/Controller\APIController.php, line 37
Cake\Controller\Controller::invokeAction() - CORE\src\Controller\Controller.php, line 440
Cake\Http\ActionDispatcher::_invoke() - CORE\src\Http\ActionDispatcher.php, line 119
Cake\Http\ActionDispatcher::dispatch() - CORE\src\Http\ActionDispatcher.php, line 93
Cake\Http\BaseApplication::__invoke() - CORE\src\Http\BaseApplication.php, line 108
Cake\Http\Runner::__invoke() - CORE\src\Http\Runner.php, line 65
Cake\Routing\Middleware\RoutingMiddleware::__invoke() - CORE\src\Routing\Middleware\RoutingMiddleware.php, line 104
Cake\Http\Runner::__invoke() - CORE\src\Http\Runner.php, line 65
Cake\Routing\Middleware\AssetMiddleware::__invoke() - CORE\src\Routing\Middleware\AssetMiddleware.php, line 88
Cake\Http\Runner::__invoke() - CORE\src\Http\Runner.php, line 65
Cake\Error\Middleware\ErrorHandlerMiddleware::__invoke() - CORE\src\Error\Middleware\ErrorHandlerMiddleware.php, line 95
Cake\Http\Runner::__invoke() - CORE\src\Http\Runner.php, line 65
Cake\Http\Runner::run() - CORE\src\Http\Runner.php, line 51
Cake\Http\Server::run() - CORE\src\Http\Server.php, line 81
Cake\TestSuite\MiddlewareDispatcher::execute() - CORE\src\TestSuite\MiddlewareDispatcher.php, line 97
Cake\TestSuite\IntegrationTestCase::_sendRequest() - CORE\src\TestSuite\IntegrationTestCase.php, line 484
Cake\TestSuite\IntegrationTestCase::get() - CORE\src\TestSuite\IntegrationTestCase.php, line 372
App\Test\TestCase\Controller\APIControllerTest::testVerifyIncorrectDataShouldFail() - ROOT\tests\TestCase\Controller\APIControllerTest.php, line 27
ReflectionMethod::invokeArgs() - [internal], line ??
PHPUnit\Framework\TestCase::runTest() - ROOT\vendor\phpunit\phpunit\src\Framework\TestCase.php, line 1072
PHPUnit\Framework\TestCase::runBare() - ROOT\vendor\phpunit\phpunit\src\Framework\TestCase.php, line 940
PHPUnit\Framework\TestResult::run() - ROOT\vendor\phpunit\phpunit\src\Framework\TestResult.php, line 698
PHPUnit\Framework\TestCase::run() - ROOT\vendor\phpunit\phpunit\src\Framework\TestCase.php, line 895
PHPUnit\Framework\TestSuite::run() - ROOT\vendor\phpunit\phpunit\src\Framework\TestSuite.php, line 755
PHPUnit\TextUI\TestRunner::doRun() - ROOT\vendor\phpunit\phpunit\src\TextUI\TestRunner.php, line 546
PHPUnit\TextUI\Command::run() - C:\Users\Reec\AppData\Roaming\Composer\vendor\phpunit\phpunit\src\TextUI\Command.php, line 195
PHPUnit\TextUI\Command::main() - C:\Users\Reec\AppData\Roaming\Composer\vendor\phpunit\phpunit\src\TextUI\Command.php, line 148
[main] - C:\Users\Reec\AppData\Roaming\Composer\vendor\phpunit\phpunit\phpunit, line 53



2018-04-16 00:14:25 Notice: Notice (8): Undefined offset: 1 in [H:\xampp\htdocs\dissetation\src\Controller\APIController.php, line 36]
Request URL: /api/verify/test/123213/1232131
Trace:
Cake\Error\BaseErrorHandler::handleError() - CORE\src\Error\BaseErrorHandler.php, line 153
App\Controller\APIController::verify() - APP/Controller\APIController.php, line 36
Cake\Controller\Controller::invokeAction() - CORE\src\Controller\Controller.php, line 440
Cake\Http\ActionDispatcher::_invoke() - CORE\src\Http\ActionDispatcher.php, line 119
Cake\Http\ActionDispatcher::dispatch() - CORE\src\Http\ActionDispatcher.php, line 93
Cake\Http\BaseApplication::__invoke() - CORE\src\Http\BaseApplication.php, line 108
Cake\Http\Runner::__invoke() - CORE\src\Http\Runner.php, line 65
Cake\Routing\Middleware\RoutingMiddleware::__invoke() - CORE\src\Routing\Middleware\RoutingMiddleware.php, line 104
Cake\Http\Runner::__invoke() - CORE\src\Http\Runner.php, line 65
Cake\Routing\Middleware\AssetMiddleware::__invoke() - CORE\src\Routing\Middleware\AssetMiddleware.php, line 88
Cake\Http\Runner::__invoke() - CORE\src\Http\Runner.php, line 65
Cake\Error\Middleware\ErrorHandlerMiddleware::__invoke() - CORE\src\Error\Middleware\ErrorHandlerMiddleware.php, line 95
Cake\Http\Runner::__invoke() - CORE\src\Http\Runner.php, line 65
Cake\Http\Runner::run() - CORE\src\Http\Runner.php, line 51
Cake\Http\Server::run() - CORE\src\Http\Server.php, line 81
Cake\TestSuite\MiddlewareDispatcher::execute() - CORE\src\TestSuite\MiddlewareDispatcher.php, line 97
Cake\TestSuite\IntegrationTestCase::_sendRequest() - CORE\src\TestSuite\IntegrationTestCase.php, line 484
Cake\TestSuite\IntegrationTestCase::get() - CORE\src\TestSuite\IntegrationTestCase.php, line 372
App\Test\TestCase\Controller\APIControllerTest::testVerifyIncorrectDataShouldFail() - ROOT\tests\TestCase\Controller\APIControllerTest.php, line 27
ReflectionMethod::invokeArgs() - [internal], line ??
PHPUnit\Framework\TestCase::runTest() - ROOT\vendor\phpunit\phpunit\src\Framework\TestCase.php, line 1072
PHPUnit\Framework\TestCase::runBare() - ROOT\vendor\phpunit\phpunit\src\Framework\TestCase.php, line 940
PHPUnit\Framework\TestResult::run() - ROOT\vendor\phpunit\phpunit\src\Framework\TestResult.php, line 698
PHPUnit\Framework\TestCase::run() - ROOT\vendor\phpunit\phpunit\src\Framework\TestCase.php, line 895
PHPUnit\Framework\TestSuite::run() - ROOT\vendor\phpunit\phpunit\src\Framework\TestSuite.php, line 755
PHPUnit\TextUI\TestRunner::doRun() - ROOT\vendor\phpunit\phpunit\src\TextUI\TestRunner.php, line 546
PHPUnit\TextUI\Command::run() - C:\Users\Reec\AppData\Roaming\Composer\vendor\phpunit\phpunit\src\TextUI\Command.php, line 195
PHPUnit\TextUI\Command::main() - C:\Users\Reec\AppData\Roaming\Composer\vendor\phpunit\phpunit\src\TextUI\Command.php, line 148
[main] - C:\Users\Reec\AppData\Roaming\Composer\vendor\phpunit\phpunit\phpunit, line 53



2018-04-16 00:14:25 Notice: Notice (8): Undefined offset: 2 in [H:\xampp\htdocs\dissetation\src\Controller\APIController.php, line 37]
Request URL: /api/verify/test/123213/1232131
Trace:
Cake\Error\BaseErrorHandler::handleError() - CORE\src\Error\BaseErrorHandler.php, line 153
App\Controller\APIController::verify() - APP/Controller\APIController.php, line 37
Cake\Controller\Controller::invokeAction() - CORE\src\Controller\Controller.php, line 440
Cake\Http\ActionDispatcher::_invoke() - CORE\src\Http\ActionDispatcher.php, line 119
Cake\Http\ActionDispatcher::dispatch() - CORE\src\Http\ActionDispatcher.php, line 93
Cake\Http\BaseApplication::__invoke() - CORE\src\Http\BaseApplication.php, line 108
Cake\Http\Runner::__invoke() - CORE\src\Http\Runner.php, line 65
Cake\Routing\Middleware\RoutingMiddleware::__invoke() - CORE\src\Routing\Middleware\RoutingMiddleware.php, line 104
Cake\Http\Runner::__invoke() - CORE\src\Http\Runner.php, line 65
Cake\Routing\Middleware\AssetMiddleware::__invoke() - CORE\src\Routing\Middleware\AssetMiddleware.php, line 88
Cake\Http\Runner::__invoke() - CORE\src\Http\Runner.php, line 65
Cake\Error\Middleware\ErrorHandlerMiddleware::__invoke() - CORE\src\Error\Middleware\ErrorHandlerMiddleware.php, line 95
Cake\Http\Runner::__invoke() - CORE\src\Http\Runner.php, line 65
Cake\Http\Runner::run() - CORE\src\Http\Runner.php, line 51
Cake\Http\Server::run() - CORE\src\Http\Server.php, line 81
Cake\TestSuite\MiddlewareDispatcher::execute() - CORE\src\TestSuite\MiddlewareDispatcher.php, line 97
Cake\TestSuite\IntegrationTestCase::_sendRequest() - CORE\src\TestSuite\IntegrationTestCase.php, line 484
Cake\TestSuite\IntegrationTestCase::get() - CORE\src\TestSuite\IntegrationTestCase.php, line 372
App\Test\TestCase\Controller\APIControllerTest::testVerifyIncorrectDataShouldFail() - ROOT\tests\TestCase\Controller\APIControllerTest.php, line 27
ReflectionMethod::invokeArgs() - [internal], line ??
PHPUnit\Framework\TestCase::runTest() - ROOT\vendor\phpunit\phpunit\src\Framework\TestCase.php, line 1072
PHPUnit\Framework\TestCase::runBare() - ROOT\vendor\phpunit\phpunit\src\Framework\TestCase.php, line 940
PHPUnit\Framework\TestResult::run() - ROOT\vendor\phpunit\phpunit\src\Framework\TestResult.php, line 698
PHPUnit\Framework\TestCase::run() - ROOT\vendor\phpunit\phpunit\src\Framework\TestCase.php, line 895
PHPUnit\Framework\TestSuite::run() - ROOT\vendor\phpunit\phpunit\src\Framework\TestSuite.php, line 755
PHPUnit\TextUI\TestRunner::doRun() - ROOT\vendor\phpunit\phpunit\src\TextUI\TestRunner.php, line 546
PHPUnit\TextUI\Command::run() - C:\Users\Reec\AppData\Roaming\Composer\vendor\phpunit\phpunit\src\TextUI\Command.php, line 195
PHPUnit\TextUI\Command::main() - C:\Users\Reec\AppData\Roaming\Composer\vendor\phpunit\phpunit\src\TextUI\Command.php, line 148
[main] - C:\Users\Reec\AppData\Roaming\Composer\vendor\phpunit\phpunit\phpunit, line 53



2018-04-16 00:29:24 Notice: Notice (8): Undefined offset: 1 in [H:\xampp\htdocs\dissetation\src\Controller\APIController.php, line 36]
Request URL: /api/verify/test/123213/1232131
Trace:
Cake\Error\BaseErrorHandler::handleError() - CORE\src\Error\BaseErrorHandler.php, line 153
App\Controller\APIController::verify() - APP/Controller\APIController.php, line 36
Cake\Controller\Controller::invokeAction() - CORE\src\Controller\Controller.php, line 440
Cake\Http\ActionDispatcher::_invoke() - CORE\src\Http\ActionDispatcher.php, line 119
Cake\Http\ActionDispatcher::dispatch() - CORE\src\Http\ActionDispatcher.php, line 93
Cake\Http\BaseApplication::__invoke() - CORE\src\Http\BaseApplication.php, line 108
Cake\Http\Runner::__invoke() - CORE\src\Http\Runner.php, line 65
Cake\Routing\Middleware\RoutingMiddleware::__invoke() - CORE\src\Routing\Middleware\RoutingMiddleware.php, line 104
Cake\Http\Runner::__invoke() - CORE\src\Http\Runner.php, line 65
Cake\Routing\Middleware\AssetMiddleware::__invoke() - CORE\src\Routing\Middleware\AssetMiddleware.php, line 88
Cake\Http\Runner::__invoke() - CORE\src\Http\Runner.php, line 65
Cake\Error\Middleware\ErrorHandlerMiddleware::__invoke() - CORE\src\Error\Middleware\ErrorHandlerMiddleware.php, line 95
Cake\Http\Runner::__invoke() - CORE\src\Http\Runner.php, line 65
Cake\Http\Runner::run() - CORE\src\Http\Runner.php, line 51
Cake\Http\Server::run() - CORE\src\Http\Server.php, line 81
Cake\TestSuite\MiddlewareDispatcher::execute() - CORE\src\TestSuite\MiddlewareDispatcher.php, line 97
Cake\TestSuite\IntegrationTestCase::_sendRequest() - CORE\src\TestSuite\IntegrationTestCase.php, line 484
Cake\TestSuite\IntegrationTestCase::get() - CORE\src\TestSuite\IntegrationTestCase.php, line 372
App\Test\TestCase\Controller\APIControllerTest::testVerifyIncorrectDataShouldFail() - ROOT\tests\TestCase\Controller\APIControllerTest.php, line 27
ReflectionMethod::invokeArgs() - [internal], line ??
PHPUnit\Framework\TestCase::runTest() - ROOT\vendor\phpunit\phpunit\src\Framework\TestCase.php, line 1072
PHPUnit\Framework\TestCase::runBare() - ROOT\vendor\phpunit\phpunit\src\Framework\TestCase.php, line 940
PHPUnit\Framework\TestResult::run() - ROOT\vendor\phpunit\phpunit\src\Framework\TestResult.php, line 698
PHPUnit\Framework\TestCase::run() - ROOT\vendor\phpunit\phpunit\src\Framework\TestCase.php, line 895
PHPUnit\Framework\TestSuite::run() - ROOT\vendor\phpunit\phpunit\src\Framework\TestSuite.php, line 755
PHPUnit\Framework\TestSuite::run() - ROOT\vendor\phpunit\phpunit\src\Framework\TestSuite.php, line 755
PHPUnit\TextUI\TestRunner::doRun() - ROOT\vendor\phpunit\phpunit\src\TextUI\TestRunner.php, line 546
PHPUnit\TextUI\Command::run() - C:\Users\Reec\AppData\Roaming\Composer\vendor\phpunit\phpunit\src\TextUI\Command.php, line 195
PHPUnit\TextUI\Command::main() - C:\Users\Reec\AppData\Roaming\Composer\vendor\phpunit\phpunit\src\TextUI\Command.php, line 148
[main] - C:\Users\Reec\AppData\Roaming\Composer\vendor\phpunit\phpunit\phpunit, line 53



2018-04-16 00:29:24 Notice: Notice (8): Undefined offset: 2 in [H:\xampp\htdocs\dissetation\src\Controller\APIController.php, line 37]
Request URL: /api/verify/test/123213/1232131
Trace:
Cake\Error\BaseErrorHandler::handleError() - CORE\src\Error\BaseErrorHandler.php, line 153
App\Controller\APIController::verify() - APP/Controller\APIController.php, line 37
Cake\Controller\Controller::invokeAction() - CORE\src\Controller\Controller.php, line 440
Cake\Http\ActionDispatcher::_invoke() - CORE\src\Http\ActionDispatcher.php, line 119
Cake\Http\ActionDispatcher::dispatch() - CORE\src\Http\ActionDispatcher.php, line 93
Cake\Http\BaseApplication::__invoke() - CORE\src\Http\BaseApplication.php, line 108
Cake\Http\Runner::__invoke() - CORE\src\Http\Runner.php, line 65
Cake\Routing\Middleware\RoutingMiddleware::__invoke() - CORE\src\Routing\Middleware\RoutingMiddleware.php, line 104
Cake\Http\Runner::__invoke() - CORE\src\Http\Runner.php, line 65
Cake\Routing\Middleware\AssetMiddleware::__invoke() - CORE\src\Routing\Middleware\AssetMiddleware.php, line 88
Cake\Http\Runner::__invoke() - CORE\src\Http\Runner.php, line 65
Cake\Error\Middleware\ErrorHandlerMiddleware::__invoke() - CORE\src\Error\Middleware\ErrorHandlerMiddleware.php, line 95
Cake\Http\Runner::__invoke() - CORE\src\Http\Runner.php, line 65
Cake\Http\Runner::run() - CORE\src\Http\Runner.php, line 51
Cake\Http\Server::run() - CORE\src\Http\Server.php, line 81
Cake\TestSuite\MiddlewareDispatcher::execute() - CORE\src\TestSuite\MiddlewareDispatcher.php, line 97
Cake\TestSuite\IntegrationTestCase::_sendRequest() - CORE\src\TestSuite\IntegrationTestCase.php, line 484
Cake\TestSuite\IntegrationTestCase::get() - CORE\src\TestSuite\IntegrationTestCase.php, line 372
App\Test\TestCase\Controller\APIControllerTest::testVerifyIncorrectDataShouldFail() - ROOT\tests\TestCase\Controller\APIControllerTest.php, line 27
ReflectionMethod::invokeArgs() - [internal], line ??
PHPUnit\Framework\TestCase::runTest() - ROOT\vendor\phpunit\phpunit\src\Framework\TestCase.php, line 1072
PHPUnit\Framework\TestCase::runBare() - ROOT\vendor\phpunit\phpunit\src\Framework\TestCase.php, line 940
PHPUnit\Framework\TestResult::run() - ROOT\vendor\phpunit\phpunit\src\Framework\TestResult.php, line 698
PHPUnit\Framework\TestCase::run() - ROOT\vendor\phpunit\phpunit\src\Framework\TestCase.php, line 895
PHPUnit\Framework\TestSuite::run() - ROOT\vendor\phpunit\phpunit\src\Framework\TestSuite.php, line 755
PHPUnit\Framework\TestSuite::run() - ROOT\vendor\phpunit\phpunit\src\Framework\TestSuite.php, line 755
PHPUnit\TextUI\TestRunner::doRun() - ROOT\vendor\phpunit\phpunit\src\TextUI\TestRunner.php, line 546
PHPUnit\TextUI\Command::run() - C:\Users\Reec\AppData\Roaming\Composer\vendor\phpunit\phpunit\src\TextUI\Command.php, line 195
PHPUnit\TextUI\Command::main() - C:\Users\Reec\AppData\Roaming\Composer\vendor\phpunit\phpunit\src\TextUI\Command.php, line 148
[main] - C:\Users\Reec\AppData\Roaming\Composer\vendor\phpunit\phpunit\phpunit, line 53



2018-04-16 00:33:41 Notice: Notice (8): Undefined offset: 1 in [H:\xampp\htdocs\dissetation\src\Controller\APIController.php, line 36]
Request URL: /api/verify/test/123213/1232131
Trace:
Cake\Error\BaseErrorHandler::handleError() - CORE\src\Error\BaseErrorHandler.php, line 153
App\Controller\APIController::verify() - APP/Controller\APIController.php, line 36
Cake\Controller\Controller::invokeAction() - CORE\src\Controller\Controller.php, line 440
Cake\Http\ActionDispatcher::_invoke() - CORE\src\Http\ActionDispatcher.php, line 119
Cake\Http\ActionDispatcher::dispatch() - CORE\src\Http\ActionDispatcher.php, line 93
Cake\Http\BaseApplication::__invoke() - CORE\src\Http\BaseApplication.php, line 108
Cake\Http\Runner::__invoke() - CORE\src\Http\Runner.php, line 65
Cake\Routing\Middleware\RoutingMiddleware::__invoke() - CORE\src\Routing\Middleware\RoutingMiddleware.php, line 104
Cake\Http\Runner::__invoke() - CORE\src\Http\Runner.php, line 65
Cake\Routing\Middleware\AssetMiddleware::__invoke() - CORE\src\Routing\Middleware\AssetMiddleware.php, line 88
Cake\Http\Runner::__invoke() - CORE\src\Http\Runner.php, line 65
Cake\Error\Middleware\ErrorHandlerMiddleware::__invoke() - CORE\src\Error\Middleware\ErrorHandlerMiddleware.php, line 95
Cake\Http\Runner::__invoke() - CORE\src\Http\Runner.php, line 65
Cake\Http\Runner::run() - CORE\src\Http\Runner.php, line 51
Cake\Http\Server::run() - CORE\src\Http\Server.php, line 81
Cake\TestSuite\MiddlewareDispatcher::execute() - CORE\src\TestSuite\MiddlewareDispatcher.php, line 97
Cake\TestSuite\IntegrationTestCase::_sendRequest() - CORE\src\TestSuite\IntegrationTestCase.php, line 484
Cake\TestSuite\IntegrationTestCase::get() - CORE\src\TestSuite\IntegrationTestCase.php, line 372
App\Test\TestCase\Controller\APIControllerTest::testVerifyIncorrectDataShouldFail() - ROOT\tests\TestCase\Controller\APIControllerTest.php, line 27
ReflectionMethod::invokeArgs() - [internal], line ??
PHPUnit\Framework\TestCase::runTest() - ROOT\vendor\phpunit\phpunit\src\Framework\TestCase.php, line 1072
PHPUnit\Framework\TestCase::runBare() - ROOT\vendor\phpunit\phpunit\src\Framework\TestCase.php, line 940
PHPUnit\Framework\TestResult::run() - ROOT\vendor\phpunit\phpunit\src\Framework\TestResult.php, line 698
PHPUnit\Framework\TestCase::run() - ROOT\vendor\phpunit\phpunit\src\Framework\TestCase.php, line 895
PHPUnit\Framework\TestSuite::run() - ROOT\vendor\phpunit\phpunit\src\Framework\TestSuite.php, line 755
PHPUnit\Framework\TestSuite::run() - ROOT\vendor\phpunit\phpunit\src\Framework\TestSuite.php, line 755
PHPUnit\TextUI\TestRunner::doRun() - ROOT\vendor\phpunit\phpunit\src\TextUI\TestRunner.php, line 546
PHPUnit\TextUI\Command::run() - C:\Users\Reec\AppData\Roaming\Composer\vendor\phpunit\phpunit\src\TextUI\Command.php, line 195
PHPUnit\TextUI\Command::main() - C:\Users\Reec\AppData\Roaming\Composer\vendor\phpunit\phpunit\src\TextUI\Command.php, line 148
[main] - C:\Users\Reec\AppData\Roaming\Composer\vendor\phpunit\phpunit\phpunit, line 53



2018-04-16 00:33:41 Notice: Notice (8): Undefined offset: 2 in [H:\xampp\htdocs\dissetation\src\Controller\APIController.php, line 37]
Request URL: /api/verify/test/123213/1232131
Trace:
Cake\Error\BaseErrorHandler::handleError() - CORE\src\Error\BaseErrorHandler.php, line 153
App\Controller\APIController::verify() - APP/Controller\APIController.php, line 37
Cake\Controller\Controller::invokeAction() - CORE\src\Controller\Controller.php, line 440
Cake\Http\ActionDispatcher::_invoke() - CORE\src\Http\ActionDispatcher.php, line 119
Cake\Http\ActionDispatcher::dispatch() - CORE\src\Http\ActionDispatcher.php, line 93
Cake\Http\BaseApplication::__invoke() - CORE\src\Http\BaseApplication.php, line 108
Cake\Http\Runner::__invoke() - CORE\src\Http\Runner.php, line 65
Cake\Routing\Middleware\RoutingMiddleware::__invoke() - CORE\src\Routing\Middleware\RoutingMiddleware.php, line 104
Cake\Http\Runner::__invoke() - CORE\src\Http\Runner.php, line 65
Cake\Routing\Middleware\AssetMiddleware::__invoke() - CORE\src\Routing\Middleware\AssetMiddleware.php, line 88
Cake\Http\Runner::__invoke() - CORE\src\Http\Runner.php, line 65
Cake\Error\Middleware\ErrorHandlerMiddleware::__invoke() - CORE\src\Error\Middleware\ErrorHandlerMiddleware.php, line 95
Cake\Http\Runner::__invoke() - CORE\src\Http\Runner.php, line 65
Cake\Http\Runner::run() - CORE\src\Http\Runner.php, line 51
Cake\Http\Server::run() - CORE\src\Http\Server.php, line 81
Cake\TestSuite\MiddlewareDispatcher::execute() - CORE\src\TestSuite\MiddlewareDispatcher.php, line 97
Cake\TestSuite\IntegrationTestCase::_sendRequest() - CORE\src\TestSuite\IntegrationTestCase.php, line 484
Cake\TestSuite\IntegrationTestCase::get() - CORE\src\TestSuite\IntegrationTestCase.php, line 372
App\Test\TestCase\Controller\APIControllerTest::testVerifyIncorrectDataShouldFail() - ROOT\tests\TestCase\Controller\APIControllerTest.php, line 27
ReflectionMethod::invokeArgs() - [internal], line ??
PHPUnit\Framework\TestCase::runTest() - ROOT\vendor\phpunit\phpunit\src\Framework\TestCase.php, line 1072
PHPUnit\Framework\TestCase::runBare() - ROOT\vendor\phpunit\phpunit\src\Framework\TestCase.php, line 940
PHPUnit\Framework\TestResult::run() - ROOT\vendor\phpunit\phpunit\src\Framework\TestResult.php, line 698
PHPUnit\Framework\TestCase::run() - ROOT\vendor\phpunit\phpunit\src\Framework\TestCase.php, line 895
PHPUnit\Framework\TestSuite::run() - ROOT\vendor\phpunit\phpunit\src\Framework\TestSuite.php, line 755
PHPUnit\Framework\TestSuite::run() - ROOT\vendor\phpunit\phpunit\src\Framework\TestSuite.php, line 755
PHPUnit\TextUI\TestRunner::doRun() - ROOT\vendor\phpunit\phpunit\src\TextUI\TestRunner.php, line 546
PHPUnit\TextUI\Command::run() - C:\Users\Reec\AppData\Roaming\Composer\vendor\phpunit\phpunit\src\TextUI\Command.php, line 195
PHPUnit\TextUI\Command::main() - C:\Users\Reec\AppData\Roaming\Composer\vendor\phpunit\phpunit\src\TextUI\Command.php, line 148
[main] - C:\Users\Reec\AppData\Roaming\Composer\vendor\phpunit\phpunit\phpunit, line 53



2018-04-16 00:36:36 Notice: Notice (8): Undefined offset: 1 in [H:\xampp\htdocs\dissetation\src\Controller\APIController.php, line 36]
Request URL: /api/verify/test/123213/1232131
Trace:
Cake\Error\BaseErrorHandler::handleError() - CORE\src\Error\BaseErrorHandler.php, line 153
App\Controller\APIController::verify() - APP/Controller\APIController.php, line 36
Cake\Controller\Controller::invokeAction() - CORE\src\Controller\Controller.php, line 440
Cake\Http\ActionDispatcher::_invoke() - CORE\src\Http\ActionDispatcher.php, line 119
Cake\Http\ActionDispatcher::dispatch() - CORE\src\Http\ActionDispatcher.php, line 93
Cake\Http\BaseApplication::__invoke() - CORE\src\Http\BaseApplication.php, line 108
Cake\Http\Runner::__invoke() - CORE\src\Http\Runner.php, line 65
Cake\Routing\Middleware\RoutingMiddleware::__invoke() - CORE\src\Routing\Middleware\RoutingMiddleware.php, line 104
Cake\Http\Runner::__invoke() - CORE\src\Http\Runner.php, line 65
Cake\Routing\Middleware\AssetMiddleware::__invoke() - CORE\src\Routing\Middleware\AssetMiddleware.php, line 88
Cake\Http\Runner::__invoke() - CORE\src\Http\Runner.php, line 65
Cake\Error\Middleware\ErrorHandlerMiddleware::__invoke() - CORE\src\Error\Middleware\ErrorHandlerMiddleware.php, line 95
Cake\Http\Runner::__invoke() - CORE\src\Http\Runner.php, line 65
Cake\Http\Runner::run() - CORE\src\Http\Runner.php, line 51
Cake\Http\Server::run() - CORE\src\Http\Server.php, line 81
Cake\TestSuite\MiddlewareDispatcher::execute() - CORE\src\TestSuite\MiddlewareDispatcher.php, line 97
Cake\TestSuite\IntegrationTestCase::_sendRequest() - CORE\src\TestSuite\IntegrationTestCase.php, line 484
Cake\TestSuite\IntegrationTestCase::get() - CORE\src\TestSuite\IntegrationTestCase.php, line 372
App\Test\TestCase\Controller\APIControllerTest::testVerifyIncorrectDataShouldFail() - ROOT\tests\TestCase\Controller\APIControllerTest.php, line 27
ReflectionMethod::invokeArgs() - [internal], line ??
PHPUnit\Framework\TestCase::runTest() - ROOT\vendor\phpunit\phpunit\src\Framework\TestCase.php, line 1072
PHPUnit\Framework\TestCase::runBare() - ROOT\vendor\phpunit\phpunit\src\Framework\TestCase.php, line 940
PHPUnit\Framework\TestResult::run() - ROOT\vendor\phpunit\phpunit\src\Framework\TestResult.php, line 698
PHPUnit\Framework\TestCase::run() - ROOT\vendor\phpunit\phpunit\src\Framework\TestCase.php, line 895
PHPUnit\Framework\TestSuite::run() - ROOT\vendor\phpunit\phpunit\src\Framework\TestSuite.php, line 755
PHPUnit\TextUI\TestRunner::doRun() - ROOT\vendor\phpunit\phpunit\src\TextUI\TestRunner.php, line 546
PHPUnit\TextUI\Command::run() - C:\Users\Reec\AppData\Roaming\Composer\vendor\phpunit\phpunit\src\TextUI\Command.php, line 195
PHPUnit\TextUI\Command::main() - C:\Users\Reec\AppData\Roaming\Composer\vendor\phpunit\phpunit\src\TextUI\Command.php, line 148
[main] - C:\Users\Reec\AppData\Roaming\Composer\vendor\phpunit\phpunit\phpunit, line 53



2018-04-16 00:36:36 Notice: Notice (8): Undefined offset: 2 in [H:\xampp\htdocs\dissetation\src\Controller\APIController.php, line 37]
Request URL: /api/verify/test/123213/1232131
Trace:
Cake\Error\BaseErrorHandler::handleError() - CORE\src\Error\BaseErrorHandler.php, line 153
App\Controller\APIController::verify() - APP/Controller\APIController.php, line 37
Cake\Controller\Controller::invokeAction() - CORE\src\Controller\Controller.php, line 440
Cake\Http\ActionDispatcher::_invoke() - CORE\src\Http\ActionDispatcher.php, line 119
Cake\Http\ActionDispatcher::dispatch() - CORE\src\Http\ActionDispatcher.php, line 93
Cake\Http\BaseApplication::__invoke() - CORE\src\Http\BaseApplication.php, line 108
Cake\Http\Runner::__invoke() - CORE\src\Http\Runner.php, line 65
Cake\Routing\Middleware\RoutingMiddleware::__invoke() - CORE\src\Routing\Middleware\RoutingMiddleware.php, line 104
Cake\Http\Runner::__invoke() - CORE\src\Http\Runner.php, line 65
Cake\Routing\Middleware\AssetMiddleware::__invoke() - CORE\src\Routing\Middleware\AssetMiddleware.php, line 88
Cake\Http\Runner::__invoke() - CORE\src\Http\Runner.php, line 65
Cake\Error\Middleware\ErrorHandlerMiddleware::__invoke() - CORE\src\Error\Middleware\ErrorHandlerMiddleware.php, line 95
Cake\Http\Runner::__invoke() - CORE\src\Http\Runner.php, line 65
Cake\Http\Runner::run() - CORE\src\Http\Runner.php, line 51
Cake\Http\Server::run() - CORE\src\Http\Server.php, line 81
Cake\TestSuite\MiddlewareDispatcher::execute() - CORE\src\TestSuite\MiddlewareDispatcher.php, line 97
Cake\TestSuite\IntegrationTestCase::_sendRequest() - CORE\src\TestSuite\IntegrationTestCase.php, line 484
Cake\TestSuite\IntegrationTestCase::get() - CORE\src\TestSuite\IntegrationTestCase.php, line 372
App\Test\TestCase\Controller\APIControllerTest::testVerifyIncorrectDataShouldFail() - ROOT\tests\TestCase\Controller\APIControllerTest.php, line 27
ReflectionMethod::invokeArgs() - [internal], line ??
PHPUnit\Framework\TestCase::runTest() - ROOT\vendor\phpunit\phpunit\src\Framework\TestCase.php, line 1072
PHPUnit\Framework\TestCase::runBare() - ROOT\vendor\phpunit\phpunit\src\Framework\TestCase.php, line 940
PHPUnit\Framework\TestResult::run() - ROOT\vendor\phpunit\phpunit\src\Framework\TestResult.php, line 698
PHPUnit\Framework\TestCase::run() - ROOT\vendor\phpunit\phpunit\src\Framework\TestCase.php, line 895
PHPUnit\Framework\TestSuite::run() - ROOT\vendor\phpunit\phpunit\src\Framework\TestSuite.php, line 755
PHPUnit\TextUI\TestRunner::doRun() - ROOT\vendor\phpunit\phpunit\src\TextUI\TestRunner.php, line 546
PHPUnit\TextUI\Command::run() - C:\Users\Reec\AppData\Roaming\Composer\vendor\phpunit\phpunit\src\TextUI\Command.php, line 195
PHPUnit\TextUI\Command::main() - C:\Users\Reec\AppData\Roaming\Composer\vendor\phpunit\phpunit\src\TextUI\Command.php, line 148
[main] - C:\Users\Reec\AppData\Roaming\Composer\vendor\phpunit\phpunit\phpunit, line 53



2018-04-16 08:00:24 Notice: Notice (8): Undefined offset: 1 in [H:\xampp\htdocs\dissetation\src\Controller\APIController.php, line 36]
Request URL: /api/verify/test/test/test
Trace:
Cake\Error\BaseErrorHandler::handleError() - CORE\src\Error\BaseErrorHandler.php, line 153
App\Controller\APIController::verify() - APP/Controller\APIController.php, line 36
Cake\Controller\Controller::invokeAction() - CORE\src\Controller\Controller.php, line 440
Cake\Http\ActionDispatcher::_invoke() - CORE\src\Http\ActionDispatcher.php, line 119
Cake\Http\ActionDispatcher::dispatch() - CORE\src\Http\ActionDispatcher.php, line 93
Cake\Http\BaseApplication::__invoke() - CORE\src\Http\BaseApplication.php, line 108
Cake\Http\Runner::__invoke() - CORE\src\Http\Runner.php, line 65
Cake\Routing\Middleware\RoutingMiddleware::__invoke() - CORE\src\Routing\Middleware\RoutingMiddleware.php, line 104
Cake\Http\Runner::__invoke() - CORE\src\Http\Runner.php, line 65
Cake\Routing\Middleware\AssetMiddleware::__invoke() - CORE\src\Routing\Middleware\AssetMiddleware.php, line 88
Cake\Http\Runner::__invoke() - CORE\src\Http\Runner.php, line 65
Cake\Error\Middleware\ErrorHandlerMiddleware::__invoke() - CORE\src\Error\Middleware\ErrorHandlerMiddleware.php, line 95
Cake\Http\Runner::__invoke() - CORE\src\Http\Runner.php, line 65
Cake\Http\Runner::run() - CORE\src\Http\Runner.php, line 51
Cake\Http\Server::run() - CORE\src\Http\Server.php, line 81
Cake\TestSuite\MiddlewareDispatcher::execute() - CORE\src\TestSuite\MiddlewareDispatcher.php, line 97
Cake\TestSuite\IntegrationTestCase::_sendRequest() - CORE\src\TestSuite\IntegrationTestCase.php, line 484
Cake\TestSuite\IntegrationTestCase::get() - CORE\src\TestSuite\IntegrationTestCase.php, line 372
App\Test\TestCase\Controller\APIControllerTest::testVerifyCorrectData() - ROOT\tests\TestCase\Controller\APIControllerTest.php, line 21
ReflectionMethod::invokeArgs() - [internal], line ??
PHPUnit\Framework\TestCase::runTest() - ROOT\vendor\phpunit\phpunit\src\Framework\TestCase.php, line 1072
PHPUnit\Framework\TestCase::runBare() - ROOT\vendor\phpunit\phpunit\src\Framework\TestCase.php, line 940
PHPUnit\Framework\TestResult::run() - ROOT\vendor\phpunit\phpunit\src\Framework\TestResult.php, line 698
PHPUnit\Framework\TestCase::run() - ROOT\vendor\phpunit\phpunit\src\Framework\TestCase.php, line 895
PHPUnit\Framework\TestSuite::run() - ROOT\vendor\phpunit\phpunit\src\Framework\TestSuite.php, line 755
PHPUnit\TextUI\TestRunner::doRun() - ROOT\vendor\phpunit\phpunit\src\TextUI\TestRunner.php, line 546
PHPUnit\TextUI\Command::run() - C:\Users\Reec\AppData\Roaming\Composer\vendor\phpunit\phpunit\src\TextUI\Command.php, line 195
PHPUnit\TextUI\Command::main() - C:\Users\Reec\AppData\Roaming\Composer\vendor\phpunit\phpunit\src\TextUI\Command.php, line 148
[main] - C:\Users\Reec\AppData\Roaming\Composer\vendor\phpunit\phpunit\phpunit, line 53



2018-04-16 08:00:25 Notice: Notice (8): Undefined offset: 2 in [H:\xampp\htdocs\dissetation\src\Controller\APIController.php, line 37]
Request URL: /api/verify/test/test/test
Trace:
Cake\Error\BaseErrorHandler::handleError() - CORE\src\Error\BaseErrorHandler.php, line 153
App\Controller\APIController::verify() - APP/Controller\APIController.php, line 37
Cake\Controller\Controller::invokeAction() - CORE\src\Controller\Controller.php, line 440
Cake\Http\ActionDispatcher::_invoke() - CORE\src\Http\ActionDispatcher.php, line 119
Cake\Http\ActionDispatcher::dispatch() - CORE\src\Http\ActionDispatcher.php, line 93
Cake\Http\BaseApplication::__invoke() - CORE\src\Http\BaseApplication.php, line 108
Cake\Http\Runner::__invoke() - CORE\src\Http\Runner.php, line 65
Cake\Routing\Middleware\RoutingMiddleware::__invoke() - CORE\src\Routing\Middleware\RoutingMiddleware.php, line 104
Cake\Http\Runner::__invoke() - CORE\src\Http\Runner.php, line 65
Cake\Routing\Middleware\AssetMiddleware::__invoke() - CORE\src\Routing\Middleware\AssetMiddleware.php, line 88
Cake\Http\Runner::__invoke() - CORE\src\Http\Runner.php, line 65
Cake\Error\Middleware\ErrorHandlerMiddleware::__invoke() - CORE\src\Error\Middleware\ErrorHandlerMiddleware.php, line 95
Cake\Http\Runner::__invoke() - CORE\src\Http\Runner.php, line 65
Cake\Http\Runner::run() - CORE\src\Http\Runner.php, line 51
Cake\Http\Server::run() - CORE\src\Http\Server.php, line 81
Cake\TestSuite\MiddlewareDispatcher::execute() - CORE\src\TestSuite\MiddlewareDispatcher.php, line 97
Cake\TestSuite\IntegrationTestCase::_sendRequest() - CORE\src\TestSuite\IntegrationTestCase.php, line 484
Cake\TestSuite\IntegrationTestCase::get() - CORE\src\TestSuite\IntegrationTestCase.php, line 372
App\Test\TestCase\Controller\APIControllerTest::testVerifyCorrectData() - ROOT\tests\TestCase\Controller\APIControllerTest.php, line 21
ReflectionMethod::invokeArgs() - [internal], line ??
PHPUnit\Framework\TestCase::runTest() - ROOT\vendor\phpunit\phpunit\src\Framework\TestCase.php, line 1072
PHPUnit\Framework\TestCase::runBare() - ROOT\vendor\phpunit\phpunit\src\Framework\TestCase.php, line 940
PHPUnit\Framework\TestResult::run() - ROOT\vendor\phpunit\phpunit\src\Framework\TestResult.php, line 698
PHPUnit\Framework\TestCase::run() - ROOT\vendor\phpunit\phpunit\src\Framework\TestCase.php, line 895
PHPUnit\Framework\TestSuite::run() - ROOT\vendor\phpunit\phpunit\src\Framework\TestSuite.php, line 755
PHPUnit\TextUI\TestRunner::doRun() - ROOT\vendor\phpunit\phpunit\src\TextUI\TestRunner.php, line 546
PHPUnit\TextUI\Command::run() - C:\Users\Reec\AppData\Roaming\Composer\vendor\phpunit\phpunit\src\TextUI\Command.php, line 195
PHPUnit\TextUI\Command::main() - C:\Users\Reec\AppData\Roaming\Composer\vendor\phpunit\phpunit\src\TextUI\Command.php, line 148
[main] - C:\Users\Reec\AppData\Roaming\Composer\vendor\phpunit\phpunit\phpunit, line 53



2018-04-16 08:00:28 Notice: Notice (8): Undefined offset: 1 in [H:\xampp\htdocs\dissetation\src\Controller\APIController.php, line 36]
Request URL: /api/verify/test/123213/1232131
Trace:
Cake\Error\BaseErrorHandler::handleError() - CORE\src\Error\BaseErrorHandler.php, line 153
App\Controller\APIController::verify() - APP/Controller\APIController.php, line 36
Cake\Controller\Controller::invokeAction() - CORE\src\Controller\Controller.php, line 440
Cake\Http\ActionDispatcher::_invoke() - CORE\src\Http\ActionDispatcher.php, line 119
Cake\Http\ActionDispatcher::dispatch() - CORE\src\Http\ActionDispatcher.php, line 93
Cake\Http\BaseApplication::__invoke() - CORE\src\Http\BaseApplication.php, line 108
Cake\Http\Runner::__invoke() - CORE\src\Http\Runner.php, line 65
Cake\Routing\Middleware\RoutingMiddleware::__invoke() - CORE\src\Routing\Middleware\RoutingMiddleware.php, line 104
Cake\Http\Runner::__invoke() - CORE\src\Http\Runner.php, line 65
Cake\Routing\Middleware\AssetMiddleware::__invoke() - CORE\src\Routing\Middleware\AssetMiddleware.php, line 88
Cake\Http\Runner::__invoke() - CORE\src\Http\Runner.php, line 65
Cake\Error\Middleware\ErrorHandlerMiddleware::__invoke() - CORE\src\Error\Middleware\ErrorHandlerMiddleware.php, line 95
Cake\Http\Runner::__invoke() - CORE\src\Http\Runner.php, line 65
Cake\Http\Runner::run() - CORE\src\Http\Runner.php, line 51
Cake\Http\Server::run() - CORE\src\Http\Server.php, line 81
Cake\TestSuite\MiddlewareDispatcher::execute() - CORE\src\TestSuite\MiddlewareDispatcher.php, line 97
Cake\TestSuite\IntegrationTestCase::_sendRequest() - CORE\src\TestSuite\IntegrationTestCase.php, line 484
Cake\TestSuite\IntegrationTestCase::get() - CORE\src\TestSuite\IntegrationTestCase.php, line 372
App\Test\TestCase\Controller\APIControllerTest::testVerifyIncorrectDataShouldFail() - ROOT\tests\TestCase\Controller\APIControllerTest.php, line 28
ReflectionMethod::invokeArgs() - [internal], line ??
PHPUnit\Framework\TestCase::runTest() - ROOT\vendor\phpunit\phpunit\src\Framework\TestCase.php, line 1072
PHPUnit\Framework\TestCase::runBare() - ROOT\vendor\phpunit\phpunit\src\Framework\TestCase.php, line 940
PHPUnit\Framework\TestResult::run() - ROOT\vendor\phpunit\phpunit\src\Framework\TestResult.php, line 698
PHPUnit\Framework\TestCase::run() - ROOT\vendor\phpunit\phpunit\src\Framework\TestCase.php, line 895
PHPUnit\Framework\TestSuite::run() - ROOT\vendor\phpunit\phpunit\src\Framework\TestSuite.php, line 755
PHPUnit\TextUI\TestRunner::doRun() - ROOT\vendor\phpunit\phpunit\src\TextUI\TestRunner.php, line 546
PHPUnit\TextUI\Command::run() - C:\Users\Reec\AppData\Roaming\Composer\vendor\phpunit\phpunit\src\TextUI\Command.php, line 195
PHPUnit\TextUI\Command::main() - C:\Users\Reec\AppData\Roaming\Composer\vendor\phpunit\phpunit\src\TextUI\Command.php, line 148
[main] - C:\Users\Reec\AppData\Roaming\Composer\vendor\phpunit\phpunit\phpunit, line 53



2018-04-16 08:00:28 Notice: Notice (8): Undefined offset: 2 in [H:\xampp\htdocs\dissetation\src\Controller\APIController.php, line 37]
Request URL: /api/verify/test/123213/1232131
Trace:
Cake\Error\BaseErrorHandler::handleError() - CORE\src\Error\BaseErrorHandler.php, line 153
App\Controller\APIController::verify() - APP/Controller\APIController.php, line 37
Cake\Controller\Controller::invokeAction() - CORE\src\Controller\Controller.php, line 440
Cake\Http\ActionDispatcher::_invoke() - CORE\src\Http\ActionDispatcher.php, line 119
Cake\Http\ActionDispatcher::dispatch() - CORE\src\Http\ActionDispatcher.php, line 93
Cake\Http\BaseApplication::__invoke() - CORE\src\Http\BaseApplication.php, line 108
Cake\Http\Runner::__invoke() - CORE\src\Http\Runner.php, line 65
Cake\Routing\Middleware\RoutingMiddleware::__invoke() - CORE\src\Routing\Middleware\RoutingMiddleware.php, line 104
Cake\Http\Runner::__invoke() - CORE\src\Http\Runner.php, line 65
Cake\Routing\Middleware\AssetMiddleware::__invoke() - CORE\src\Routing\Middleware\AssetMiddleware.php, line 88
Cake\Http\Runner::__invoke() - CORE\src\Http\Runner.php, line 65
Cake\Error\Middleware\ErrorHandlerMiddleware::__invoke() - CORE\src\Error\Middleware\ErrorHandlerMiddleware.php, line 95
Cake\Http\Runner::__invoke() - CORE\src\Http\Runner.php, line 65
Cake\Http\Runner::run() - CORE\src\Http\Runner.php, line 51
Cake\Http\Server::run() - CORE\src\Http\Server.php, line 81
Cake\TestSuite\MiddlewareDispatcher::execute() - CORE\src\TestSuite\MiddlewareDispatcher.php, line 97
Cake\TestSuite\IntegrationTestCase::_sendRequest() - CORE\src\TestSuite\IntegrationTestCase.php, line 484
Cake\TestSuite\IntegrationTestCase::get() - CORE\src\TestSuite\IntegrationTestCase.php, line 372
App\Test\TestCase\Controller\APIControllerTest::testVerifyIncorrectDataShouldFail() - ROOT\tests\TestCase\Controller\APIControllerTest.php, line 28
ReflectionMethod::invokeArgs() - [internal], line ??
PHPUnit\Framework\TestCase::runTest() - ROOT\vendor\phpunit\phpunit\src\Framework\TestCase.php, line 1072
PHPUnit\Framework\TestCase::runBare() - ROOT\vendor\phpunit\phpunit\src\Framework\TestCase.php, line 940
PHPUnit\Framework\TestResult::run() - ROOT\vendor\phpunit\phpunit\src\Framework\TestResult.php, line 698
PHPUnit\Framework\TestCase::run() - ROOT\vendor\phpunit\phpunit\src\Framework\TestCase.php, line 895
PHPUnit\Framework\TestSuite::run() - ROOT\vendor\phpunit\phpunit\src\Framework\TestSuite.php, line 755
PHPUnit\TextUI\TestRunner::doRun() - ROOT\vendor\phpunit\phpunit\src\TextUI\TestRunner.php, line 546
PHPUnit\TextUI\Command::run() - C:\Users\Reec\AppData\Roaming\Composer\vendor\phpunit\phpunit\src\TextUI\Command.php, line 195
PHPUnit\TextUI\Command::main() - C:\Users\Reec\AppData\Roaming\Composer\vendor\phpunit\phpunit\src\TextUI\Command.php, line 148
[main] - C:\Users\Reec\AppData\Roaming\Composer\vendor\phpunit\phpunit\phpunit, line 53



2018-04-16 09:38:51 Notice: Notice (8): Undefined property: App\Test\TestCase\Controller\APIControllerTest::$request in [H:\xampp\htdocs\dissetation\tests\TestCase\Controller\APIControllerTest.php, line 26]
Request URL: /dissetation/verify/test/MTkxNDIxMTM0MTAA/UT9EIjxN1Yg=
Trace:
Cake\Error\BaseErrorHandler::handleError() - CORE\src\Error\BaseErrorHandler.php, line 153
App\Test\TestCase\Controller\APIControllerTest::testVerifyCorrectData() - ROOT\tests\TestCase\Controller\APIControllerTest.php, line 26
ReflectionMethod::invokeArgs() - [internal], line ??
PHPUnit\Framework\TestCase::runTest() - ROOT\vendor\phpunit\phpunit\src\Framework\TestCase.php, line 1072
PHPUnit\Framework\TestCase::runBare() - ROOT\vendor\phpunit\phpunit\src\Framework\TestCase.php, line 940
PHPUnit\Framework\TestResult::run() - ROOT\vendor\phpunit\phpunit\src\Framework\TestResult.php, line 698
PHPUnit\Framework\TestCase::run() - ROOT\vendor\phpunit\phpunit\src\Framework\TestCase.php, line 895
PHPUnit\Framework\TestSuite::run() - ROOT\vendor\phpunit\phpunit\src\Framework\TestSuite.php, line 755
PHPUnit\TextUI\TestRunner::doRun() - ROOT\vendor\phpunit\phpunit\src\TextUI\TestRunner.php, line 546
PHPUnit\TextUI\Command::run() - C:\Users\Reec\AppData\Roaming\Composer\vendor\phpunit\phpunit\src\TextUI\Command.php, line 195
PHPUnit\TextUI\Command::main() - C:\Users\Reec\AppData\Roaming\Composer\vendor\phpunit\phpunit\src\TextUI\Command.php, line 148
[main] - C:\Users\Reec\AppData\Roaming\Composer\vendor\phpunit\phpunit\phpunit, line 53



2018-04-16 09:39:50 Notice: Notice (8): Undefined property: App\Test\TestCase\Controller\APIControllerTest::$request in [H:\xampp\htdocs\dissetation\tests\TestCase\Controller\APIControllerTest.php, line 26]
Request URL: /dissetation/verify/test/MTkxNDIxMTM0MTAA/UT9EIjxN1Yg=
Trace:
Cake\Error\BaseErrorHandler::handleError() - CORE\src\Error\BaseErrorHandler.php, line 153
App\Test\TestCase\Controller\APIControllerTest::testVerifyCorrectData() - ROOT\tests\TestCase\Controller\APIControllerTest.php, line 26
ReflectionMethod::invokeArgs() - [internal], line ??
PHPUnit\Framework\TestCase::runTest() - ROOT\vendor\phpunit\phpunit\src\Framework\TestCase.php, line 1072
PHPUnit\Framework\TestCase::runBare() - ROOT\vendor\phpunit\phpunit\src\Framework\TestCase.php, line 940
PHPUnit\Framework\TestResult::run() - ROOT\vendor\phpunit\phpunit\src\Framework\TestResult.php, line 698
PHPUnit\Framework\TestCase::run() - ROOT\vendor\phpunit\phpunit\src\Framework\TestCase.php, line 895
PHPUnit\Framework\TestSuite::run() - ROOT\vendor\phpunit\phpunit\src\Framework\TestSuite.php, line 755
PHPUnit\TextUI\TestRunner::doRun() - ROOT\vendor\phpunit\phpunit\src\TextUI\TestRunner.php, line 546
PHPUnit\TextUI\Command::run() - C:\Users\Reec\AppData\Roaming\Composer\vendor\phpunit\phpunit\src\TextUI\Command.php, line 195
PHPUnit\TextUI\Command::main() - C:\Users\Reec\AppData\Roaming\Composer\vendor\phpunit\phpunit\src\TextUI\Command.php, line 148
[main] - C:\Users\Reec\AppData\Roaming\Composer\vendor\phpunit\phpunit\phpunit, line 53



2018-04-16 13:23:03 Notice: Notice (8): Array to string conversion in [H:\xampp\htdocs\dissetation\tests\TestCase\Controller\EmployeesControllerTest.php, line 81]
Trace:
Cake\Error\BaseErrorHandler::handleError() - CORE\src\Error\BaseErrorHandler.php, line 153
App\Test\TestCase\Controller\EmployeesControllerTest::testIndex() - ROOT\tests\TestCase\Controller\EmployeesControllerTest.php, line 81
ReflectionMethod::invokeArgs() - [internal], line ??
PHPUnit\Framework\TestCase::runTest() - ROOT\vendor\phpunit\phpunit\src\Framework\TestCase.php, line 1072
PHPUnit\Framework\TestCase::runBare() - ROOT\vendor\phpunit\phpunit\src\Framework\TestCase.php, line 940
PHPUnit\Framework\TestResult::run() - ROOT\vendor\phpunit\phpunit\src\Framework\TestResult.php, line 698
PHPUnit\Framework\TestCase::run() - ROOT\vendor\phpunit\phpunit\src\Framework\TestCase.php, line 895
PHPUnit\Framework\TestSuite::run() - ROOT\vendor\phpunit\phpunit\src\Framework\TestSuite.php, line 755
PHPUnit\Framework\TestSuite::run() - ROOT\vendor\phpunit\phpunit\src\Framework\TestSuite.php, line 755
PHPUnit\TextUI\TestRunner::doRun() - ROOT\vendor\phpunit\phpunit\src\TextUI\TestRunner.php, line 546
PHPUnit\TextUI\Command::run() - C:\Users\Reec\AppData\Roaming\Composer\vendor\phpunit\phpunit\src\TextUI\Command.php, line 195
PHPUnit\TextUI\Command::main() - C:\Users\Reec\AppData\Roaming\Composer\vendor\phpunit\phpunit\src\TextUI\Command.php, line 148
[main] - C:\Users\Reec\AppData\Roaming\Composer\vendor\phpunit\phpunit\phpunit, line 53



2018-04-16 13:26:48 Notice: Notice (8): Array to string conversion in [H:\xampp\htdocs\dissetation\tests\TestCase\Controller\EmployeesControllerTest.php, line 82]
Trace:
Cake\Error\BaseErrorHandler::handleError() - CORE\src\Error\BaseErrorHandler.php, line 153
App\Test\TestCase\Controller\EmployeesControllerTest::testIndex() - ROOT\tests\TestCase\Controller\EmployeesControllerTest.php, line 82
ReflectionMethod::invokeArgs() - [internal], line ??
PHPUnit\Framework\TestCase::runTest() - ROOT\vendor\phpunit\phpunit\src\Framework\TestCase.php, line 1072
PHPUnit\Framework\TestCase::runBare() - ROOT\vendor\phpunit\phpunit\src\Framework\TestCase.php, line 940
PHPUnit\Framework\TestResult::run() - ROOT\vendor\phpunit\phpunit\src\Framework\TestResult.php, line 698
PHPUnit\Framework\TestCase::run() - ROOT\vendor\phpunit\phpunit\src\Framework\TestCase.php, line 895
PHPUnit\Framework\TestSuite::run() - ROOT\vendor\phpunit\phpunit\src\Framework\TestSuite.php, line 755
PHPUnit\Framework\TestSuite::run() - ROOT\vendor\phpunit\phpunit\src\Framework\TestSuite.php, line 755
PHPUnit\TextUI\TestRunner::doRun() - ROOT\vendor\phpunit\phpunit\src\TextUI\TestRunner.php, line 546
PHPUnit\TextUI\Command::run() - C:\Users\Reec\AppData\Roaming\Composer\vendor\phpunit\phpunit\src\TextUI\Command.php, line 195
PHPUnit\TextUI\Command::main() - C:\Users\Reec\AppData\Roaming\Composer\vendor\phpunit\phpunit\src\TextUI\Command.php, line 148
[main] - C:\Users\Reec\AppData\Roaming\Composer\vendor\phpunit\phpunit\phpunit, line 53



2018-04-16 13:27:26 Notice: Notice (8): Array to string conversion in [H:\xampp\htdocs\dissetation\tests\TestCase\Controller\EmployeesControllerTest.php, line 82]
Trace:
Cake\Error\BaseErrorHandler::handleError() - CORE\src\Error\BaseErrorHandler.php, line 153
App\Test\TestCase\Controller\EmployeesControllerTest::testIndex() - ROOT\tests\TestCase\Controller\EmployeesControllerTest.php, line 82
ReflectionMethod::invokeArgs() - [internal], line ??
PHPUnit\Framework\TestCase::runTest() - ROOT\vendor\phpunit\phpunit\src\Framework\TestCase.php, line 1072
PHPUnit\Framework\TestCase::runBare() - ROOT\vendor\phpunit\phpunit\src\Framework\TestCase.php, line 940
PHPUnit\Framework\TestResult::run() - ROOT\vendor\phpunit\phpunit\src\Framework\TestResult.php, line 698
PHPUnit\Framework\TestCase::run() - ROOT\vendor\phpunit\phpunit\src\Framework\TestCase.php, line 895
PHPUnit\Framework\TestSuite::run() - ROOT\vendor\phpunit\phpunit\src\Framework\TestSuite.php, line 755
PHPUnit\Framework\TestSuite::run() - ROOT\vendor\phpunit\phpunit\src\Framework\TestSuite.php, line 755
PHPUnit\TextUI\TestRunner::doRun() - ROOT\vendor\phpunit\phpunit\src\TextUI\TestRunner.php, line 546
PHPUnit\TextUI\Command::run() - C:\Users\Reec\AppData\Roaming\Composer\vendor\phpunit\phpunit\src\TextUI\Command.php, line 195
PHPUnit\TextUI\Command::main() - C:\Users\Reec\AppData\Roaming\Composer\vendor\phpunit\phpunit\src\TextUI\Command.php, line 148
[main] - C:\Users\Reec\AppData\Roaming\Composer\vendor\phpunit\phpunit\phpunit, line 53



2018-04-16 13:30:04 Notice: Notice (8): Undefined offset: 1 in [H:\xampp\htdocs\dissetation\tests\TestCase\Controller\EmployeesControllerTest.php, line 84]
Trace:
Cake\Error\BaseErrorHandler::handleError() - CORE\src\Error\BaseErrorHandler.php, line 153
App\Test\TestCase\Controller\EmployeesControllerTest::testIndex() - ROOT\tests\TestCase\Controller\EmployeesControllerTest.php, line 84
ReflectionMethod::invokeArgs() - [internal], line ??
PHPUnit\Framework\TestCase::runTest() - ROOT\vendor\phpunit\phpunit\src\Framework\TestCase.php, line 1072
PHPUnit\Framework\TestCase::runBare() - ROOT\vendor\phpunit\phpunit\src\Framework\TestCase.php, line 940
PHPUnit\Framework\TestResult::run() - ROOT\vendor\phpunit\phpunit\src\Framework\TestResult.php, line 698
PHPUnit\Framework\TestCase::run() - ROOT\vendor\phpunit\phpunit\src\Framework\TestCase.php, line 895
PHPUnit\Framework\TestSuite::run() - ROOT\vendor\phpunit\phpunit\src\Framework\TestSuite.php, line 755
PHPUnit\Framework\TestSuite::run() - ROOT\vendor\phpunit\phpunit\src\Framework\TestSuite.php, line 755
PHPUnit\TextUI\TestRunner::doRun() - ROOT\vendor\phpunit\phpunit\src\TextUI\TestRunner.php, line 546
PHPUnit\TextUI\Command::run() - C:\Users\Reec\AppData\Roaming\Composer\vendor\phpunit\phpunit\src\TextUI\Command.php, line 195
PHPUnit\TextUI\Command::main() - C:\Users\Reec\AppData\Roaming\Composer\vendor\phpunit\phpunit\src\TextUI\Command.php, line 148
[main] - C:\Users\Reec\AppData\Roaming\Composer\vendor\phpunit\phpunit\phpunit, line 53



